<?xml version="1.0" encoding="utf-8"?>
<?xml-stylesheet type="text/xsl" href="../assets/xml/rss.xsl" media="all"?><rss xmlns:dc="http://purl.org/dc/elements/1.1/" version="2.0" xmlns:atom="http://www.w3.org/2005/Atom"><channel><title>Wendy's Corner (Posts about JUnit)</title><link>https://www.pengyin-shan.com/</link><description></description><atom:link type="application/rss+xml" rel="self" href="https://www.pengyin-shan.com/categories/junit.xml"></atom:link><language>en</language><copyright>Contents Â© 2018 &lt;a href="mailto:pengyin.shan@outlook.com"&gt;Pengyin(Wendy) Shan&lt;/a&gt; </copyright><lastBuildDate>Tue, 27 Nov 2018 18:52:37 GMT</lastBuildDate><generator>Nikola (getnikola.com)</generator><docs>http://blogs.law.harvard.edu/tech/rss</docs><item><title>JUnit Basics</title><link>https://www.pengyin-shan.com/posts/2015/Java/junit-basics/</link><dc:creator>Pengyin(Wendy) Shan</dc:creator><description>&lt;div&gt;&lt;h3 id="reference"&gt;Reference&lt;/h3&gt;
&lt;ul&gt;
&lt;li&gt;&lt;a href="http://www.tutorialspoint.com//junit/index.htm"&gt;JUnit Tutorial from Tutorialspoint.com&lt;/a&gt;&lt;/li&gt;
&lt;/ul&gt;
&lt;h3 id="overview"&gt;Overview&lt;/h3&gt;
&lt;p&gt;A &lt;code&gt;Unit Test Case&lt;/code&gt; is a part of code which ensures that the another part of code (method) works as expected. To achieve those desired results quickly, test framework is required.&lt;/p&gt;
&lt;p&gt;JUnit is perfect unit test framework for java programming language.&lt;/p&gt;
&lt;h3 id="test-framework"&gt;Test Framework&lt;/h3&gt;
&lt;h4 id="features"&gt;Features&lt;/h4&gt;
&lt;p&gt;JUnit test framework provides following important features:&lt;/p&gt;
&lt;ul&gt;
&lt;li&gt;
&lt;p&gt;&lt;code&gt;Fixtures&lt;/code&gt;&lt;/p&gt;
&lt;/li&gt;
&lt;li&gt;
&lt;p&gt;&lt;code&gt;Test suites&lt;/code&gt;&lt;/p&gt;
&lt;/li&gt;
&lt;li&gt;
&lt;p&gt;&lt;code&gt;Test runners&lt;/code&gt;&lt;/p&gt;
&lt;/li&gt;
&lt;li&gt;
&lt;p&gt;&lt;code&gt;JUnit classes&lt;/code&gt;&lt;/p&gt;
&lt;/li&gt;
&lt;/ul&gt;
&lt;h5 id="fixtures"&gt;Fixtures&lt;/h5&gt;
&lt;p&gt;&lt;code&gt;Fixtures&lt;/code&gt; is a fixed state of a set of &lt;strong&gt;objects&lt;/strong&gt; used as a baseline for running tests.&lt;/p&gt;
&lt;p&gt;The purpose of a test fixture is to ensure that there is a well known and &lt;strong&gt;fixed environment&lt;/strong&gt; in which tests are run so that results are repeatable. It includes:&lt;/p&gt;
&lt;ul&gt;
&lt;li&gt;
&lt;p&gt;&lt;code&gt;setUp()&lt;/code&gt; method which runs before every test invocation.&lt;/p&gt;
&lt;/li&gt;
&lt;li&gt;
&lt;p&gt;&lt;code&gt;tearDown()&lt;/code&gt; method which runs after every test method.&lt;/p&gt;
&lt;/li&gt;
&lt;/ul&gt;
&lt;p&gt;Example Code from Tutorialspoint.com:&lt;/p&gt;
&lt;pre class="code literal-block"&gt;&lt;span&gt;&lt;/span&gt;&lt;span class="kn"&gt;import&lt;/span&gt; &lt;span class="nn"&gt;junit.framework.*&lt;/span&gt;&lt;span class="o"&gt;;&lt;/span&gt;
&lt;span class="kd"&gt;public&lt;/span&gt; &lt;span class="kd"&gt;class&lt;/span&gt; &lt;span class="nc"&gt;JavaTest&lt;/span&gt; &lt;span class="kd"&gt;extends&lt;/span&gt; &lt;span class="n"&gt;TestCase&lt;/span&gt; &lt;span class="o"&gt;{&lt;/span&gt;
   &lt;span class="kd"&gt;protected&lt;/span&gt; &lt;span class="kt"&gt;int&lt;/span&gt; &lt;span class="n"&gt;value1&lt;/span&gt;&lt;span class="o"&gt;,&lt;/span&gt; &lt;span class="n"&gt;value2&lt;/span&gt;&lt;span class="o"&gt;;&lt;/span&gt;
   &lt;span class="c1"&gt;// setUp() method: assigning the values&lt;/span&gt;
   &lt;span class="kd"&gt;protected&lt;/span&gt; &lt;span class="kt"&gt;void&lt;/span&gt; &lt;span class="nf"&gt;setUp&lt;/span&gt;&lt;span class="o"&gt;(){&lt;/span&gt;
      &lt;span class="n"&gt;value1&lt;/span&gt;&lt;span class="o"&gt;=&lt;/span&gt;&lt;span class="mi"&gt;3&lt;/span&gt;&lt;span class="o"&gt;;&lt;/span&gt;
      &lt;span class="n"&gt;value2&lt;/span&gt;&lt;span class="o"&gt;=&lt;/span&gt;&lt;span class="mi"&gt;3&lt;/span&gt;&lt;span class="o"&gt;;&lt;/span&gt;
   &lt;span class="o"&gt;}&lt;/span&gt;
   &lt;span class="c1"&gt;// test method to add two values&lt;/span&gt;
   &lt;span class="kd"&gt;public&lt;/span&gt; &lt;span class="kt"&gt;void&lt;/span&gt; &lt;span class="nf"&gt;testAdd&lt;/span&gt;&lt;span class="o"&gt;(){&lt;/span&gt;
      &lt;span class="kt"&gt;double&lt;/span&gt; &lt;span class="n"&gt;result&lt;/span&gt;&lt;span class="o"&gt;=&lt;/span&gt; &lt;span class="n"&gt;value1&lt;/span&gt; &lt;span class="o"&gt;+&lt;/span&gt; &lt;span class="n"&gt;value2&lt;/span&gt;&lt;span class="o"&gt;;&lt;/span&gt;
      &lt;span class="n"&gt;assertTrue&lt;/span&gt;&lt;span class="o"&gt;(&lt;/span&gt;&lt;span class="n"&gt;result&lt;/span&gt; &lt;span class="o"&gt;==&lt;/span&gt; &lt;span class="mi"&gt;6&lt;/span&gt;&lt;span class="o"&gt;);&lt;/span&gt;
   &lt;span class="o"&gt;}&lt;/span&gt;
   &lt;span class="c1"&gt;//No tearDown() in this example&lt;/span&gt;
&lt;span class="o"&gt;}&lt;/span&gt;
&lt;/pre&gt;


&lt;h5 id="test-suite"&gt;Test Suite&lt;/h5&gt;
&lt;p&gt;&lt;code&gt;Test suite&lt;/code&gt; means &lt;strong&gt;bundle&lt;/strong&gt; a few unit test cases and run it together.&lt;/p&gt;
&lt;p&gt;In JUnit, both &lt;code&gt;@RunWith&lt;/code&gt; and &lt;code&gt;@Suite&lt;/code&gt; annotation are used to run the suite test.&lt;/p&gt;
&lt;p&gt;Here is an example which uses TestJunit1 &amp;amp; TestJunit2 test classes from Tutorialspoint.com:&lt;/p&gt;
&lt;pre class="code literal-block"&gt;&lt;span&gt;&lt;/span&gt;&lt;span class="kn"&gt;import&lt;/span&gt; &lt;span class="nn"&gt;org.junit.runner.RunWith&lt;/span&gt;&lt;span class="o"&gt;;&lt;/span&gt;
&lt;span class="kn"&gt;import&lt;/span&gt; &lt;span class="nn"&gt;org.junit.runners.Suite&lt;/span&gt;&lt;span class="o"&gt;;&lt;/span&gt;
&lt;span class="c1"&gt;//JUnit Suite Test with @Runwith and @Suite annotation&lt;/span&gt;
&lt;span class="nd"&gt;@RunWith&lt;/span&gt;&lt;span class="o"&gt;(&lt;/span&gt;&lt;span class="n"&gt;Suite&lt;/span&gt;&lt;span class="o"&gt;.&lt;/span&gt;&lt;span class="na"&gt;class&lt;/span&gt;&lt;span class="o"&gt;)&lt;/span&gt;
&lt;span class="nd"&gt;@Suite.SuiteClasses&lt;/span&gt;&lt;span class="o"&gt;({&lt;/span&gt;
   &lt;span class="n"&gt;TestJunit1&lt;/span&gt;&lt;span class="o"&gt;.&lt;/span&gt;&lt;span class="na"&gt;class&lt;/span&gt; &lt;span class="o"&gt;,&lt;/span&gt;&lt;span class="n"&gt;TestJunit2&lt;/span&gt;&lt;span class="o"&gt;.&lt;/span&gt;&lt;span class="na"&gt;class&lt;/span&gt;
&lt;span class="o"&gt;})&lt;/span&gt;
&lt;span class="kd"&gt;public&lt;/span&gt; &lt;span class="kd"&gt;class&lt;/span&gt; &lt;span class="nc"&gt;JunitTestSuite&lt;/span&gt; &lt;span class="o"&gt;{&lt;/span&gt;
&lt;span class="o"&gt;}&lt;/span&gt;

&lt;span class="o"&gt;:::&lt;/span&gt;&lt;span class="n"&gt;java&lt;/span&gt;
&lt;span class="kn"&gt;import&lt;/span&gt; &lt;span class="nn"&gt;org.junit.Test&lt;/span&gt;&lt;span class="o"&gt;;&lt;/span&gt;
&lt;span class="kn"&gt;import&lt;/span&gt; &lt;span class="nn"&gt;org.junit.Ignore&lt;/span&gt;&lt;span class="o"&gt;;&lt;/span&gt;
&lt;span class="kn"&gt;import static&lt;/span&gt; &lt;span class="nn"&gt;org.junit.Assert.assertEquals&lt;/span&gt;&lt;span class="o"&gt;;&lt;/span&gt;
&lt;span class="kd"&gt;public&lt;/span&gt; &lt;span class="kd"&gt;class&lt;/span&gt; &lt;span class="nc"&gt;TestJunit1&lt;/span&gt; &lt;span class="o"&gt;{&lt;/span&gt;
   &lt;span class="n"&gt;String&lt;/span&gt; &lt;span class="n"&gt;message&lt;/span&gt; &lt;span class="o"&gt;=&lt;/span&gt; &lt;span class="s"&gt;"Robert"&lt;/span&gt;&lt;span class="o"&gt;;&lt;/span&gt;
   &lt;span class="n"&gt;MessageUtil&lt;/span&gt; &lt;span class="n"&gt;messageUtil&lt;/span&gt; &lt;span class="o"&gt;=&lt;/span&gt; &lt;span class="k"&gt;new&lt;/span&gt; &lt;span class="n"&gt;MessageUtil&lt;/span&gt;&lt;span class="o"&gt;(&lt;/span&gt;&lt;span class="n"&gt;message&lt;/span&gt;&lt;span class="o"&gt;);&lt;/span&gt;
   &lt;span class="c1"&gt;//@Test Annotation&lt;/span&gt;
   &lt;span class="nd"&gt;@Test&lt;/span&gt;
   &lt;span class="kd"&gt;public&lt;/span&gt; &lt;span class="kt"&gt;void&lt;/span&gt; &lt;span class="nf"&gt;testPrintMessage&lt;/span&gt;&lt;span class="o"&gt;()&lt;/span&gt; &lt;span class="o"&gt;{&lt;/span&gt;
      &lt;span class="n"&gt;System&lt;/span&gt;&lt;span class="o"&gt;.&lt;/span&gt;&lt;span class="na"&gt;out&lt;/span&gt;&lt;span class="o"&gt;.&lt;/span&gt;&lt;span class="na"&gt;println&lt;/span&gt;&lt;span class="o"&gt;(&lt;/span&gt;&lt;span class="s"&gt;"Inside testPrintMessage()"&lt;/span&gt;&lt;span class="o"&gt;);&lt;/span&gt;
      &lt;span class="n"&gt;assertEquals&lt;/span&gt;&lt;span class="o"&gt;(&lt;/span&gt;&lt;span class="n"&gt;message&lt;/span&gt;&lt;span class="o"&gt;,&lt;/span&gt; &lt;span class="n"&gt;messageUtil&lt;/span&gt;&lt;span class="o"&gt;.&lt;/span&gt;&lt;span class="na"&gt;printMessage&lt;/span&gt;&lt;span class="o"&gt;());&lt;/span&gt;
   &lt;span class="o"&gt;}&lt;/span&gt;
&lt;span class="o"&gt;}&lt;/span&gt;

&lt;span class="o"&gt;:::&lt;/span&gt;&lt;span class="n"&gt;java&lt;/span&gt;
&lt;span class="kn"&gt;import&lt;/span&gt; &lt;span class="nn"&gt;org.junit.Test&lt;/span&gt;&lt;span class="o"&gt;;&lt;/span&gt;
&lt;span class="kn"&gt;import&lt;/span&gt; &lt;span class="nn"&gt;org.junit.Ignore&lt;/span&gt;&lt;span class="o"&gt;;&lt;/span&gt;
&lt;span class="kn"&gt;import static&lt;/span&gt; &lt;span class="nn"&gt;org.junit.Assert.assertEquals&lt;/span&gt;&lt;span class="o"&gt;;&lt;/span&gt;
&lt;span class="kd"&gt;public&lt;/span&gt; &lt;span class="kd"&gt;class&lt;/span&gt; &lt;span class="nc"&gt;TestJunit2&lt;/span&gt; &lt;span class="o"&gt;{&lt;/span&gt;
   &lt;span class="n"&gt;String&lt;/span&gt; &lt;span class="n"&gt;message&lt;/span&gt; &lt;span class="o"&gt;=&lt;/span&gt; &lt;span class="s"&gt;"Robert"&lt;/span&gt;&lt;span class="o"&gt;;&lt;/span&gt;
   &lt;span class="n"&gt;MessageUtil&lt;/span&gt; &lt;span class="n"&gt;messageUtil&lt;/span&gt; &lt;span class="o"&gt;=&lt;/span&gt; &lt;span class="k"&gt;new&lt;/span&gt; &lt;span class="n"&gt;MessageUtil&lt;/span&gt;&lt;span class="o"&gt;(&lt;/span&gt;&lt;span class="n"&gt;message&lt;/span&gt;&lt;span class="o"&gt;);&lt;/span&gt;
   &lt;span class="nd"&gt;@Test&lt;/span&gt;
   &lt;span class="kd"&gt;public&lt;/span&gt; &lt;span class="kt"&gt;void&lt;/span&gt; &lt;span class="nf"&gt;testSalutationMessage&lt;/span&gt;&lt;span class="o"&gt;()&lt;/span&gt; &lt;span class="o"&gt;{&lt;/span&gt;
      &lt;span class="n"&gt;System&lt;/span&gt;&lt;span class="o"&gt;.&lt;/span&gt;&lt;span class="na"&gt;out&lt;/span&gt;&lt;span class="o"&gt;.&lt;/span&gt;&lt;span class="na"&gt;println&lt;/span&gt;&lt;span class="o"&gt;(&lt;/span&gt;&lt;span class="s"&gt;"Inside testSalutationMessage()"&lt;/span&gt;&lt;span class="o"&gt;);&lt;/span&gt;
      &lt;span class="n"&gt;message&lt;/span&gt; &lt;span class="o"&gt;=&lt;/span&gt; &lt;span class="s"&gt;"Hi!"&lt;/span&gt; &lt;span class="o"&gt;+&lt;/span&gt; &lt;span class="s"&gt;"Robert"&lt;/span&gt;&lt;span class="o"&gt;;&lt;/span&gt;
      &lt;span class="n"&gt;assertEquals&lt;/span&gt;&lt;span class="o"&gt;(&lt;/span&gt;&lt;span class="n"&gt;message&lt;/span&gt;&lt;span class="o"&gt;,&lt;/span&gt;&lt;span class="n"&gt;messageUtil&lt;/span&gt;&lt;span class="o"&gt;.&lt;/span&gt;&lt;span class="na"&gt;salutationMessage&lt;/span&gt;&lt;span class="o"&gt;());&lt;/span&gt;
   &lt;span class="o"&gt;}&lt;/span&gt;
&lt;span class="o"&gt;}&lt;/span&gt;
&lt;/pre&gt;


&lt;h5 id="test-runner"&gt;Test Runner&lt;/h5&gt;
&lt;p&gt;&lt;code&gt;Test runner&lt;/code&gt; is used for &lt;strong&gt;executing&lt;/strong&gt; the test cases.&lt;/p&gt;
&lt;p&gt;Here is an example which assumes TestJunit test class already exists, from Tutorialspoint.com:&lt;/p&gt;
&lt;pre class="code literal-block"&gt;&lt;span&gt;&lt;/span&gt;&lt;span class="kn"&gt;import&lt;/span&gt; &lt;span class="nn"&gt;org.junit.runner.JUnitCore&lt;/span&gt;&lt;span class="o"&gt;;&lt;/span&gt;
&lt;span class="kn"&gt;import&lt;/span&gt; &lt;span class="nn"&gt;org.junit.runner.Result&lt;/span&gt;&lt;span class="o"&gt;;&lt;/span&gt;
&lt;span class="kn"&gt;import&lt;/span&gt; &lt;span class="nn"&gt;org.junit.runner.notification.Failure&lt;/span&gt;&lt;span class="o"&gt;;&lt;/span&gt;
&lt;span class="kd"&gt;public&lt;/span&gt; &lt;span class="kd"&gt;class&lt;/span&gt; &lt;span class="nc"&gt;TestRunner&lt;/span&gt; &lt;span class="o"&gt;{&lt;/span&gt;
   &lt;span class="kd"&gt;public&lt;/span&gt; &lt;span class="kd"&gt;static&lt;/span&gt; &lt;span class="kt"&gt;void&lt;/span&gt; &lt;span class="nf"&gt;main&lt;/span&gt;&lt;span class="o"&gt;(&lt;/span&gt;&lt;span class="n"&gt;String&lt;/span&gt;&lt;span class="o"&gt;[]&lt;/span&gt; &lt;span class="n"&gt;args&lt;/span&gt;&lt;span class="o"&gt;)&lt;/span&gt; &lt;span class="o"&gt;{&lt;/span&gt;
      &lt;span class="c1"&gt;//Note this line of using exiting TestJunit.class&lt;/span&gt;
      &lt;span class="n"&gt;Result&lt;/span&gt; &lt;span class="n"&gt;result&lt;/span&gt; &lt;span class="o"&gt;=&lt;/span&gt; &lt;span class="n"&gt;JUnitCore&lt;/span&gt;&lt;span class="o"&gt;.&lt;/span&gt;&lt;span class="na"&gt;runClasses&lt;/span&gt;&lt;span class="o"&gt;(&lt;/span&gt;&lt;span class="n"&gt;TestJunit&lt;/span&gt;&lt;span class="o"&gt;.&lt;/span&gt;&lt;span class="na"&gt;class&lt;/span&gt;&lt;span class="o"&gt;);&lt;/span&gt;
      &lt;span class="k"&gt;for&lt;/span&gt; &lt;span class="o"&gt;(&lt;/span&gt;&lt;span class="n"&gt;Failure&lt;/span&gt; &lt;span class="n"&gt;failure&lt;/span&gt; &lt;span class="o"&gt;:&lt;/span&gt; &lt;span class="n"&gt;result&lt;/span&gt;&lt;span class="o"&gt;.&lt;/span&gt;&lt;span class="na"&gt;getFailures&lt;/span&gt;&lt;span class="o"&gt;())&lt;/span&gt; &lt;span class="o"&gt;{&lt;/span&gt;
         &lt;span class="n"&gt;System&lt;/span&gt;&lt;span class="o"&gt;.&lt;/span&gt;&lt;span class="na"&gt;out&lt;/span&gt;&lt;span class="o"&gt;.&lt;/span&gt;&lt;span class="na"&gt;println&lt;/span&gt;&lt;span class="o"&gt;(&lt;/span&gt;&lt;span class="n"&gt;failure&lt;/span&gt;&lt;span class="o"&gt;.&lt;/span&gt;&lt;span class="na"&gt;toString&lt;/span&gt;&lt;span class="o"&gt;());&lt;/span&gt;
      &lt;span class="o"&gt;}&lt;/span&gt;
      &lt;span class="n"&gt;System&lt;/span&gt;&lt;span class="o"&gt;.&lt;/span&gt;&lt;span class="na"&gt;out&lt;/span&gt;&lt;span class="o"&gt;.&lt;/span&gt;&lt;span class="na"&gt;println&lt;/span&gt;&lt;span class="o"&gt;(&lt;/span&gt;&lt;span class="n"&gt;result&lt;/span&gt;&lt;span class="o"&gt;.&lt;/span&gt;&lt;span class="na"&gt;wasSuccessful&lt;/span&gt;&lt;span class="o"&gt;());&lt;/span&gt;
   &lt;span class="o"&gt;}&lt;/span&gt;
&lt;span class="o"&gt;}&lt;/span&gt;
&lt;/pre&gt;


&lt;h5 id="junit-classes"&gt;JUnit Classes&lt;/h5&gt;
&lt;p&gt;JUnit classes are important classes which is used in writing and testing JUnits.&lt;/p&gt;
&lt;p&gt;Some of the important classes are:&lt;/p&gt;
&lt;ul&gt;
&lt;li&gt;
&lt;p&gt;&lt;code&gt;Assert&lt;/code&gt; which contain a set of assert methods.&lt;/p&gt;
&lt;/li&gt;
&lt;li&gt;
&lt;p&gt;&lt;code&gt;TestCase&lt;/code&gt; which contain a test case defines the fixture to run multiple tests.&lt;/p&gt;
&lt;/li&gt;
&lt;li&gt;
&lt;p&gt;&lt;code&gt;TestResult&lt;/code&gt; which contain methods to collect the results of executing a test case.&lt;/p&gt;
&lt;/li&gt;
&lt;/ul&gt;
&lt;h4 id="junit-basic-usage"&gt;JUnit Basic Usage&lt;/h4&gt;
&lt;h5 id="1-create-a-message-class"&gt;1. Create a Message Class&lt;/h5&gt;
&lt;p&gt;Example code from Tutorialspoint.com:&lt;/p&gt;
&lt;pre class="code literal-block"&gt;&lt;span&gt;&lt;/span&gt;&lt;span class="cm"&gt;/*&lt;/span&gt;
&lt;span class="cm"&gt;* This class prints the given message on console.&lt;/span&gt;
&lt;span class="cm"&gt;*/&lt;/span&gt;
&lt;span class="kd"&gt;public&lt;/span&gt; &lt;span class="kd"&gt;class&lt;/span&gt; &lt;span class="nc"&gt;MessageUtil&lt;/span&gt; &lt;span class="o"&gt;{&lt;/span&gt;
   &lt;span class="kd"&gt;private&lt;/span&gt; &lt;span class="n"&gt;String&lt;/span&gt; &lt;span class="n"&gt;message&lt;/span&gt;&lt;span class="o"&gt;;&lt;/span&gt;
   &lt;span class="c1"&gt;//Constructor&lt;/span&gt;
   &lt;span class="c1"&gt;//@param message to be printed&lt;/span&gt;
   &lt;span class="kd"&gt;public&lt;/span&gt; &lt;span class="nf"&gt;MessageUtil&lt;/span&gt;&lt;span class="o"&gt;(&lt;/span&gt;&lt;span class="n"&gt;String&lt;/span&gt; &lt;span class="n"&gt;message&lt;/span&gt;&lt;span class="o"&gt;){&lt;/span&gt;
      &lt;span class="k"&gt;this&lt;/span&gt;&lt;span class="o"&gt;.&lt;/span&gt;&lt;span class="na"&gt;message&lt;/span&gt; &lt;span class="o"&gt;=&lt;/span&gt; &lt;span class="n"&gt;message&lt;/span&gt;&lt;span class="o"&gt;;&lt;/span&gt;
   &lt;span class="o"&gt;}&lt;/span&gt;
   &lt;span class="c1"&gt;// prints the message&lt;/span&gt;
   &lt;span class="kd"&gt;public&lt;/span&gt; &lt;span class="n"&gt;String&lt;/span&gt; &lt;span class="nf"&gt;printMessage&lt;/span&gt;&lt;span class="o"&gt;(){&lt;/span&gt;
      &lt;span class="n"&gt;System&lt;/span&gt;&lt;span class="o"&gt;.&lt;/span&gt;&lt;span class="na"&gt;out&lt;/span&gt;&lt;span class="o"&gt;.&lt;/span&gt;&lt;span class="na"&gt;println&lt;/span&gt;&lt;span class="o"&gt;(&lt;/span&gt;&lt;span class="n"&gt;message&lt;/span&gt;&lt;span class="o"&gt;);&lt;/span&gt;
      &lt;span class="k"&gt;return&lt;/span&gt; &lt;span class="n"&gt;message&lt;/span&gt;&lt;span class="o"&gt;;&lt;/span&gt;
   &lt;span class="o"&gt;}&lt;/span&gt;
&lt;span class="o"&gt;}&lt;/span&gt;
&lt;/pre&gt;


&lt;h5 id="2-create-a-test-case-class"&gt;2. Create a Test Case Class&lt;/h5&gt;
&lt;p&gt;Example code from Tutorialspoint.com&lt;/p&gt;
&lt;pre class="code literal-block"&gt;&lt;span&gt;&lt;/span&gt;&lt;span class="kn"&gt;import&lt;/span&gt; &lt;span class="nn"&gt;org.junit.Test&lt;/span&gt;&lt;span class="o"&gt;;&lt;/span&gt;
&lt;span class="kn"&gt;import static&lt;/span&gt; &lt;span class="nn"&gt;org.junit.Assert.assertEquals&lt;/span&gt;&lt;span class="o"&gt;;&lt;/span&gt;
&lt;span class="kd"&gt;public&lt;/span&gt; &lt;span class="kd"&gt;class&lt;/span&gt; &lt;span class="nc"&gt;TestJunit&lt;/span&gt; &lt;span class="o"&gt;{&lt;/span&gt;
   &lt;span class="n"&gt;String&lt;/span&gt; &lt;span class="n"&gt;message&lt;/span&gt; &lt;span class="o"&gt;=&lt;/span&gt; &lt;span class="s"&gt;"Hello World"&lt;/span&gt;&lt;span class="o"&gt;;&lt;/span&gt;
   &lt;span class="c1"&gt;//Use the message class above&lt;/span&gt;
   &lt;span class="n"&gt;MessageUtil&lt;/span&gt; &lt;span class="n"&gt;messageUtil&lt;/span&gt; &lt;span class="o"&gt;=&lt;/span&gt; &lt;span class="k"&gt;new&lt;/span&gt; &lt;span class="n"&gt;MessageUtil&lt;/span&gt;&lt;span class="o"&gt;(&lt;/span&gt;&lt;span class="n"&gt;message&lt;/span&gt;&lt;span class="o"&gt;);&lt;/span&gt;
   &lt;span class="nd"&gt;@Test&lt;/span&gt;
   &lt;span class="kd"&gt;public&lt;/span&gt; &lt;span class="kt"&gt;void&lt;/span&gt; &lt;span class="nf"&gt;testPrintMessage&lt;/span&gt;&lt;span class="o"&gt;()&lt;/span&gt; &lt;span class="o"&gt;{&lt;/span&gt;
      &lt;span class="c1"&gt;//Use assestion for printing out message&lt;/span&gt;
      &lt;span class="n"&gt;assertEquals&lt;/span&gt;&lt;span class="o"&gt;(&lt;/span&gt;&lt;span class="n"&gt;message&lt;/span&gt;&lt;span class="o"&gt;,&lt;/span&gt;&lt;span class="n"&gt;messageUtil&lt;/span&gt;&lt;span class="o"&gt;.&lt;/span&gt;&lt;span class="na"&gt;printMessage&lt;/span&gt;&lt;span class="o"&gt;());&lt;/span&gt;
   &lt;span class="o"&gt;}&lt;/span&gt;
&lt;span class="o"&gt;}&lt;/span&gt;
&lt;/pre&gt;


&lt;h5 id="3-create-a-test-runner-class"&gt;3. Create a Test Runner Class&lt;/h5&gt;
&lt;p&gt;Example code from Tutorialspoint.com&lt;/p&gt;
&lt;pre class="code literal-block"&gt;&lt;span&gt;&lt;/span&gt;&lt;span class="kn"&gt;import&lt;/span&gt; &lt;span class="nn"&gt;org.junit.runner.JUnitCore&lt;/span&gt;&lt;span class="o"&gt;;&lt;/span&gt;
&lt;span class="kn"&gt;import&lt;/span&gt; &lt;span class="nn"&gt;org.junit.runner.Result&lt;/span&gt;&lt;span class="o"&gt;;&lt;/span&gt;
&lt;span class="kn"&gt;import&lt;/span&gt; &lt;span class="nn"&gt;org.junit.runner.notification.Failure&lt;/span&gt;&lt;span class="o"&gt;;&lt;/span&gt;
&lt;span class="kd"&gt;public&lt;/span&gt; &lt;span class="kd"&gt;class&lt;/span&gt; &lt;span class="nc"&gt;TestRunner&lt;/span&gt; &lt;span class="o"&gt;{&lt;/span&gt;
   &lt;span class="kd"&gt;public&lt;/span&gt; &lt;span class="kd"&gt;static&lt;/span&gt; &lt;span class="kt"&gt;void&lt;/span&gt; &lt;span class="nf"&gt;main&lt;/span&gt;&lt;span class="o"&gt;(&lt;/span&gt;&lt;span class="n"&gt;String&lt;/span&gt;&lt;span class="o"&gt;[]&lt;/span&gt; &lt;span class="n"&gt;args&lt;/span&gt;&lt;span class="o"&gt;)&lt;/span&gt; &lt;span class="o"&gt;{&lt;/span&gt;
      &lt;span class="c1"&gt;//User the test class created above&lt;/span&gt;
      &lt;span class="n"&gt;Result&lt;/span&gt; &lt;span class="n"&gt;result&lt;/span&gt; &lt;span class="o"&gt;=&lt;/span&gt; &lt;span class="n"&gt;JUnitCore&lt;/span&gt;&lt;span class="o"&gt;.&lt;/span&gt;&lt;span class="na"&gt;runClasses&lt;/span&gt;&lt;span class="o"&gt;(&lt;/span&gt;&lt;span class="n"&gt;TestJunit&lt;/span&gt;&lt;span class="o"&gt;.&lt;/span&gt;&lt;span class="na"&gt;class&lt;/span&gt;&lt;span class="o"&gt;);&lt;/span&gt;
      &lt;span class="c1"&gt;//Print failure and successful messages&lt;/span&gt;
      &lt;span class="k"&gt;for&lt;/span&gt; &lt;span class="o"&gt;(&lt;/span&gt;&lt;span class="n"&gt;Failure&lt;/span&gt; &lt;span class="n"&gt;failure&lt;/span&gt; &lt;span class="o"&gt;:&lt;/span&gt; &lt;span class="n"&gt;result&lt;/span&gt;&lt;span class="o"&gt;.&lt;/span&gt;&lt;span class="na"&gt;getFailures&lt;/span&gt;&lt;span class="o"&gt;())&lt;/span&gt; &lt;span class="o"&gt;{&lt;/span&gt;
         &lt;span class="n"&gt;System&lt;/span&gt;&lt;span class="o"&gt;.&lt;/span&gt;&lt;span class="na"&gt;out&lt;/span&gt;&lt;span class="o"&gt;.&lt;/span&gt;&lt;span class="na"&gt;println&lt;/span&gt;&lt;span class="o"&gt;(&lt;/span&gt;&lt;span class="n"&gt;failure&lt;/span&gt;&lt;span class="o"&gt;.&lt;/span&gt;&lt;span class="na"&gt;toString&lt;/span&gt;&lt;span class="o"&gt;());&lt;/span&gt;
      &lt;span class="o"&gt;}&lt;/span&gt;
      &lt;span class="n"&gt;System&lt;/span&gt;&lt;span class="o"&gt;.&lt;/span&gt;&lt;span class="na"&gt;out&lt;/span&gt;&lt;span class="o"&gt;.&lt;/span&gt;&lt;span class="na"&gt;println&lt;/span&gt;&lt;span class="o"&gt;(&lt;/span&gt;&lt;span class="n"&gt;result&lt;/span&gt;&lt;span class="o"&gt;.&lt;/span&gt;&lt;span class="na"&gt;wasSuccessful&lt;/span&gt;&lt;span class="o"&gt;());&lt;/span&gt;
   &lt;span class="o"&gt;}&lt;/span&gt;
&lt;span class="o"&gt;}&lt;/span&gt;
&lt;/pre&gt;


&lt;h4 id="writing-test-with-pojos"&gt;Writing Test with POJOs&lt;/h4&gt;
&lt;p&gt;To write a test for a POJO class, we need following:&lt;/p&gt;
&lt;ul&gt;
&lt;li&gt;
&lt;p&gt;A &lt;strong&gt;POJO&lt;/strong&gt; class which defines a object in your business login&lt;/p&gt;
&lt;/li&gt;
&lt;li&gt;
&lt;p&gt;A &lt;strong&gt;Business Logic&lt;/strong&gt; class which includes: a. methods for testing, using the POJO class mentioned above b. test class using business login&lt;/p&gt;
&lt;/li&gt;
&lt;li&gt;
&lt;p&gt;A &lt;strong&gt;Test Runner&lt;/strong&gt; class which is similar as what we have above for testing&lt;/p&gt;
&lt;/li&gt;
&lt;/ul&gt;
&lt;p&gt;Example code from Tutorialspoint.com:&lt;/p&gt;
&lt;p&gt;POJO class example:&lt;/p&gt;
&lt;pre class="code literal-block"&gt;&lt;span&gt;&lt;/span&gt;&lt;span class="kd"&gt;public&lt;/span&gt; &lt;span class="kd"&gt;class&lt;/span&gt; &lt;span class="nc"&gt;EmployeeDetails&lt;/span&gt; &lt;span class="o"&gt;{&lt;/span&gt;
   &lt;span class="kd"&gt;private&lt;/span&gt; &lt;span class="n"&gt;String&lt;/span&gt; &lt;span class="n"&gt;name&lt;/span&gt;&lt;span class="o"&gt;;&lt;/span&gt;
   &lt;span class="kd"&gt;private&lt;/span&gt; &lt;span class="kt"&gt;double&lt;/span&gt; &lt;span class="n"&gt;monthlySalary&lt;/span&gt;&lt;span class="o"&gt;;&lt;/span&gt;
   &lt;span class="kd"&gt;private&lt;/span&gt; &lt;span class="kt"&gt;int&lt;/span&gt; &lt;span class="n"&gt;age&lt;/span&gt;&lt;span class="o"&gt;;&lt;/span&gt;
   &lt;span class="cm"&gt;/**&lt;/span&gt;
&lt;span class="cm"&gt;   - @return the name&lt;/span&gt;
&lt;span class="cm"&gt;   */&lt;/span&gt;
   &lt;span class="kd"&gt;public&lt;/span&gt; &lt;span class="n"&gt;String&lt;/span&gt; &lt;span class="nf"&gt;getName&lt;/span&gt;&lt;span class="o"&gt;()&lt;/span&gt; &lt;span class="o"&gt;{&lt;/span&gt;
      &lt;span class="k"&gt;return&lt;/span&gt; &lt;span class="n"&gt;name&lt;/span&gt;&lt;span class="o"&gt;;&lt;/span&gt;
   &lt;span class="o"&gt;}&lt;/span&gt;
   &lt;span class="cm"&gt;/**&lt;/span&gt;
&lt;span class="cm"&gt;   - @param name the name to set&lt;/span&gt;
&lt;span class="cm"&gt;   */&lt;/span&gt;
   &lt;span class="kd"&gt;public&lt;/span&gt; &lt;span class="kt"&gt;void&lt;/span&gt; &lt;span class="nf"&gt;setName&lt;/span&gt;&lt;span class="o"&gt;(&lt;/span&gt;&lt;span class="n"&gt;String&lt;/span&gt; &lt;span class="n"&gt;name&lt;/span&gt;&lt;span class="o"&gt;)&lt;/span&gt; &lt;span class="o"&gt;{&lt;/span&gt;
      &lt;span class="k"&gt;this&lt;/span&gt;&lt;span class="o"&gt;.&lt;/span&gt;&lt;span class="na"&gt;name&lt;/span&gt; &lt;span class="o"&gt;=&lt;/span&gt; &lt;span class="n"&gt;name&lt;/span&gt;&lt;span class="o"&gt;;&lt;/span&gt;
   &lt;span class="o"&gt;}&lt;/span&gt;
   &lt;span class="c1"&gt;//Following parts are skipped&lt;/span&gt;
&lt;span class="o"&gt;}&lt;/span&gt;
&lt;/pre&gt;


&lt;p&gt;Business Logic class example:&lt;/p&gt;
&lt;p&gt;First, Set up a method which needs to be tested:&lt;/p&gt;
&lt;pre class="code literal-block"&gt;&lt;span&gt;&lt;/span&gt;&lt;span class="kd"&gt;public&lt;/span&gt; &lt;span class="kd"&gt;class&lt;/span&gt; &lt;span class="nc"&gt;EmpBusinessLogic&lt;/span&gt; &lt;span class="o"&gt;{&lt;/span&gt;
   &lt;span class="c1"&gt;// Calculate the yearly salary of employee&lt;/span&gt;
   &lt;span class="kd"&gt;public&lt;/span&gt; &lt;span class="kt"&gt;double&lt;/span&gt; &lt;span class="nf"&gt;calculateYearlySalary&lt;/span&gt;&lt;span class="o"&gt;(&lt;/span&gt;&lt;span class="n"&gt;EmployeeDetails&lt;/span&gt; &lt;span class="n"&gt;employeeDetails&lt;/span&gt;&lt;span class="o"&gt;){&lt;/span&gt;
      &lt;span class="kt"&gt;double&lt;/span&gt; &lt;span class="n"&gt;yearlySalary&lt;/span&gt;&lt;span class="o"&gt;=&lt;/span&gt;&lt;span class="mi"&gt;0&lt;/span&gt;&lt;span class="o"&gt;;&lt;/span&gt;
      &lt;span class="n"&gt;yearlySalary&lt;/span&gt; &lt;span class="o"&gt;=&lt;/span&gt; &lt;span class="n"&gt;employeeDetails&lt;/span&gt;&lt;span class="o"&gt;.&lt;/span&gt;&lt;span class="na"&gt;getMonthlySalary&lt;/span&gt;&lt;span class="o"&gt;()&lt;/span&gt; &lt;span class="o"&gt;*&lt;/span&gt; &lt;span class="mi"&gt;12&lt;/span&gt;&lt;span class="o"&gt;;&lt;/span&gt;
      &lt;span class="k"&gt;return&lt;/span&gt; &lt;span class="n"&gt;yearlySalary&lt;/span&gt;&lt;span class="o"&gt;;&lt;/span&gt;
   &lt;span class="o"&gt;}&lt;/span&gt;
&lt;span class="o"&gt;}&lt;/span&gt;
&lt;/pre&gt;


&lt;p&gt;Then, created a test business logic class with &lt;strong&gt;assestion&lt;/strong&gt; and &lt;strong&gt;@Test&lt;/strong&gt; annotation:&lt;/p&gt;
&lt;pre class="code literal-block"&gt;&lt;span&gt;&lt;/span&gt;&lt;span class="kn"&gt;import&lt;/span&gt; &lt;span class="nn"&gt;org.junit.Test&lt;/span&gt;&lt;span class="o"&gt;;&lt;/span&gt;
&lt;span class="kn"&gt;import static&lt;/span&gt; &lt;span class="nn"&gt;org.junit.Assert.assertEquals&lt;/span&gt;&lt;span class="o"&gt;;&lt;/span&gt;
&lt;span class="kd"&gt;public&lt;/span&gt; &lt;span class="kd"&gt;class&lt;/span&gt; &lt;span class="nc"&gt;TestEmployeeDetails&lt;/span&gt; &lt;span class="o"&gt;{&lt;/span&gt;
   &lt;span class="n"&gt;EmpBusinessLogic&lt;/span&gt; &lt;span class="n"&gt;empBusinessLogic&lt;/span&gt; &lt;span class="o"&gt;=&lt;/span&gt;&lt;span class="k"&gt;new&lt;/span&gt; &lt;span class="n"&gt;EmpBusinessLogic&lt;/span&gt;&lt;span class="o"&gt;();&lt;/span&gt;
   &lt;span class="n"&gt;EmployeeDetails&lt;/span&gt; &lt;span class="n"&gt;employee&lt;/span&gt; &lt;span class="o"&gt;=&lt;/span&gt; &lt;span class="k"&gt;new&lt;/span&gt; &lt;span class="n"&gt;EmployeeDetails&lt;/span&gt;&lt;span class="o"&gt;();&lt;/span&gt;
   &lt;span class="c1"&gt;// test to check yearly salary&lt;/span&gt;
   &lt;span class="nd"&gt;@Test&lt;/span&gt;
   &lt;span class="kd"&gt;public&lt;/span&gt; &lt;span class="kt"&gt;void&lt;/span&gt; &lt;span class="nf"&gt;testCalculateYearlySalary&lt;/span&gt;&lt;span class="o"&gt;()&lt;/span&gt; &lt;span class="o"&gt;{&lt;/span&gt;
      &lt;span class="n"&gt;employee&lt;/span&gt;&lt;span class="o"&gt;.&lt;/span&gt;&lt;span class="na"&gt;setName&lt;/span&gt;&lt;span class="o"&gt;(&lt;/span&gt;&lt;span class="s"&gt;"Rajeev"&lt;/span&gt;&lt;span class="o"&gt;);&lt;/span&gt;
      &lt;span class="n"&gt;employee&lt;/span&gt;&lt;span class="o"&gt;.&lt;/span&gt;&lt;span class="na"&gt;setAge&lt;/span&gt;&lt;span class="o"&gt;(&lt;/span&gt;&lt;span class="mi"&gt;25&lt;/span&gt;&lt;span class="o"&gt;);&lt;/span&gt;
      &lt;span class="n"&gt;employee&lt;/span&gt;&lt;span class="o"&gt;.&lt;/span&gt;&lt;span class="na"&gt;setMonthlySalary&lt;/span&gt;&lt;span class="o"&gt;(&lt;/span&gt;&lt;span class="mi"&gt;8000&lt;/span&gt;&lt;span class="o"&gt;);&lt;/span&gt;
      &lt;span class="kt"&gt;double&lt;/span&gt; &lt;span class="n"&gt;salary&lt;/span&gt;&lt;span class="o"&gt;=&lt;/span&gt; &lt;span class="n"&gt;empBusinessLogic&lt;/span&gt;&lt;span class="o"&gt;.&lt;/span&gt;&lt;span class="na"&gt;calculateYearlySalary&lt;/span&gt;&lt;span class="o"&gt;(&lt;/span&gt;&lt;span class="n"&gt;employee&lt;/span&gt;&lt;span class="o"&gt;);&lt;/span&gt;
      &lt;span class="n"&gt;assertEquals&lt;/span&gt;&lt;span class="o"&gt;(&lt;/span&gt;&lt;span class="mi"&gt;96000&lt;/span&gt;&lt;span class="o"&gt;,&lt;/span&gt; &lt;span class="n"&gt;salary&lt;/span&gt;&lt;span class="o"&gt;,&lt;/span&gt; &lt;span class="mf"&gt;0.0&lt;/span&gt;&lt;span class="o"&gt;);&lt;/span&gt;
   &lt;span class="o"&gt;}&lt;/span&gt;
&lt;span class="o"&gt;}&lt;/span&gt;
&lt;/pre&gt;


&lt;p&gt;Test Runner class example:&lt;/p&gt;
&lt;pre class="code literal-block"&gt;&lt;span&gt;&lt;/span&gt;&lt;span class="kn"&gt;import&lt;/span&gt; &lt;span class="nn"&gt;org.junit.runner.JUnitCore&lt;/span&gt;&lt;span class="o"&gt;;&lt;/span&gt;
&lt;span class="kn"&gt;import&lt;/span&gt; &lt;span class="nn"&gt;org.junit.runner.Result&lt;/span&gt;&lt;span class="o"&gt;;&lt;/span&gt;
&lt;span class="kn"&gt;import&lt;/span&gt; &lt;span class="nn"&gt;org.junit.runner.notification.Failure&lt;/span&gt;&lt;span class="o"&gt;;&lt;/span&gt;
&lt;span class="kd"&gt;public&lt;/span&gt; &lt;span class="kd"&gt;class&lt;/span&gt; &lt;span class="nc"&gt;TestRunner&lt;/span&gt; &lt;span class="o"&gt;{&lt;/span&gt;
   &lt;span class="kd"&gt;public&lt;/span&gt; &lt;span class="kd"&gt;static&lt;/span&gt; &lt;span class="kt"&gt;void&lt;/span&gt; &lt;span class="nf"&gt;main&lt;/span&gt;&lt;span class="o"&gt;(&lt;/span&gt;&lt;span class="n"&gt;String&lt;/span&gt;&lt;span class="o"&gt;[]&lt;/span&gt; &lt;span class="n"&gt;args&lt;/span&gt;&lt;span class="o"&gt;)&lt;/span&gt; &lt;span class="o"&gt;{&lt;/span&gt;
      &lt;span class="n"&gt;Result&lt;/span&gt; &lt;span class="n"&gt;result&lt;/span&gt; &lt;span class="o"&gt;=&lt;/span&gt; &lt;span class="n"&gt;JUnitCore&lt;/span&gt;&lt;span class="o"&gt;.&lt;/span&gt;&lt;span class="na"&gt;runClasses&lt;/span&gt;&lt;span class="o"&gt;(&lt;/span&gt;&lt;span class="n"&gt;TestEmployeeDetails&lt;/span&gt;&lt;span class="o"&gt;.&lt;/span&gt;&lt;span class="na"&gt;class&lt;/span&gt;&lt;span class="o"&gt;);&lt;/span&gt;
      &lt;span class="k"&gt;for&lt;/span&gt; &lt;span class="o"&gt;(&lt;/span&gt;&lt;span class="n"&gt;Failure&lt;/span&gt; &lt;span class="n"&gt;failure&lt;/span&gt; &lt;span class="o"&gt;:&lt;/span&gt; &lt;span class="n"&gt;result&lt;/span&gt;&lt;span class="o"&gt;.&lt;/span&gt;&lt;span class="na"&gt;getFailures&lt;/span&gt;&lt;span class="o"&gt;())&lt;/span&gt; &lt;span class="o"&gt;{&lt;/span&gt;
         &lt;span class="n"&gt;System&lt;/span&gt;&lt;span class="o"&gt;.&lt;/span&gt;&lt;span class="na"&gt;out&lt;/span&gt;&lt;span class="o"&gt;.&lt;/span&gt;&lt;span class="na"&gt;println&lt;/span&gt;&lt;span class="o"&gt;(&lt;/span&gt;&lt;span class="n"&gt;failure&lt;/span&gt;&lt;span class="o"&gt;.&lt;/span&gt;&lt;span class="na"&gt;toString&lt;/span&gt;&lt;span class="o"&gt;());&lt;/span&gt;
      &lt;span class="o"&gt;}&lt;/span&gt;
      &lt;span class="n"&gt;System&lt;/span&gt;&lt;span class="o"&gt;.&lt;/span&gt;&lt;span class="na"&gt;out&lt;/span&gt;&lt;span class="o"&gt;.&lt;/span&gt;&lt;span class="na"&gt;println&lt;/span&gt;&lt;span class="o"&gt;(&lt;/span&gt;&lt;span class="n"&gt;result&lt;/span&gt;&lt;span class="o"&gt;.&lt;/span&gt;&lt;span class="na"&gt;wasSuccessful&lt;/span&gt;&lt;span class="o"&gt;());&lt;/span&gt;
   &lt;span class="o"&gt;}&lt;/span&gt;
&lt;span class="o"&gt;}&lt;/span&gt;
&lt;/pre&gt;


&lt;h4 id="assertion-and-annotation"&gt;Assertion and Annotation&lt;/h4&gt;
&lt;h5 id="assertion"&gt;Assertion&lt;/h5&gt;
&lt;p&gt;This class provides a set of assertion methods useful for writing tests. &lt;em&gt;Only failed assertions are recorded.&lt;/em&gt;&lt;/p&gt;
&lt;h6 id="list-of-assertion-methods"&gt;List of Assertion Methods&lt;/h6&gt;
&lt;ul&gt;
&lt;li&gt;
&lt;p&gt;&lt;code&gt;assertEquals&lt;/code&gt;: Check that two primitives/Objectes are equal&lt;/p&gt;
&lt;/li&gt;
&lt;li&gt;
&lt;p&gt;&lt;code&gt;assertTrue&lt;/code&gt; or &lt;code&gt;assertFalse&lt;/code&gt;: Check that a condition is true/false&lt;/p&gt;
&lt;/li&gt;
&lt;li&gt;
&lt;p&gt;&lt;strong&gt;assertNull&lt;/strong&gt; or &lt;strong&gt;assertNotNull&lt;/strong&gt;: Check that a condition is null/not null&lt;/p&gt;
&lt;/li&gt;
&lt;li&gt;
&lt;p&gt;&lt;strong&gt;assertSame&lt;/strong&gt; or &lt;strong&gt;assertNotSame&lt;/strong&gt;: Check that if two object references &lt;em&gt;point&lt;/em&gt; to the same/not same object&lt;/p&gt;
&lt;/li&gt;
&lt;li&gt;
&lt;p&gt;&lt;strong&gt;assertArrayEquals&lt;/strong&gt;: Check whether two arrays are equal to each other&lt;/p&gt;
&lt;/li&gt;
&lt;/ul&gt;
&lt;h5 id="annotation"&gt;Annotation&lt;/h5&gt;
&lt;p&gt;The annotation in JUnit gives us information about test methods, include:&lt;/p&gt;
&lt;ul&gt;
&lt;li&gt;
&lt;p&gt;which methods are going to run before &amp;amp; after test methods,&lt;/p&gt;
&lt;/li&gt;
&lt;li&gt;
&lt;p&gt;which methods run before &amp;amp; after all the methods&lt;/p&gt;
&lt;/li&gt;
&lt;li&gt;
&lt;p&gt;which methods or class will be ignore during execution.&lt;/p&gt;
&lt;/li&gt;
&lt;/ul&gt;
&lt;h6 id="list-of-annotations"&gt;List of Annotations&lt;/h6&gt;
&lt;ul&gt;
&lt;li&gt;
&lt;p&gt;&lt;code&gt;@Test&lt;/code&gt;: The Test annotation tells JUnit that the &lt;strong&gt;public void method&lt;/strong&gt; to which it is attached can be run as a test case.&lt;/p&gt;
&lt;/li&gt;
&lt;li&gt;
&lt;p&gt;&lt;code&gt;@Before&lt;/code&gt;: Several tests need similar objects created before they can run. Annotating a public void method with @Before causes that method to be &lt;strong&gt;run before each Test method&lt;/strong&gt;.&lt;/p&gt;
&lt;/li&gt;
&lt;li&gt;
&lt;p&gt;&lt;code&gt;@After&lt;/code&gt;: If you allocate external resources in a Before method &lt;em&gt;you need to release them after the test runs&lt;/em&gt;. Annotating a public void method with @After causes that method to be run after the Test method.&lt;/p&gt;
&lt;/li&gt;
&lt;li&gt;
&lt;p&gt;&lt;code&gt;@BeforeClass&lt;/code&gt;: Annotating a public static void method with @BeforeClass causes it to be &lt;strong&gt;run once&lt;/strong&gt; before any of the test methods in the class.&lt;/p&gt;
&lt;/li&gt;
&lt;li&gt;
&lt;p&gt;&lt;code&gt;@AfterClass&lt;/code&gt;: This will perform the method after all tests have finished. This can be used to perform &lt;strong&gt;clean-up activities&lt;/strong&gt;.&lt;/p&gt;
&lt;/li&gt;
&lt;li&gt;
&lt;p&gt;&lt;code&gt;@Ignore&lt;/code&gt;: The Ignore annotation is used to ignore the test and that &lt;strong&gt;test will not be executed&lt;/strong&gt;.&lt;/p&gt;
&lt;/li&gt;
&lt;/ul&gt;
&lt;h4 id="suite-test"&gt;Suite Test&lt;/h4&gt;
&lt;p&gt;Test suites means bundle a few unit test cases and run it together. In JUnit, both &lt;code&gt;@RunWith&lt;/code&gt; and &lt;code&gt;@Suite&lt;/code&gt; annotation are used to run the suite test.&lt;/p&gt;
&lt;h5 id="step-1-create-a-message-class"&gt;Step 1: Create a Message Class&lt;/h5&gt;
&lt;p&gt;Example code from Tutorialspoint.com:&lt;/p&gt;
&lt;pre class="code literal-block"&gt;&lt;span&gt;&lt;/span&gt;&lt;span class="cm"&gt;/*&lt;/span&gt;
&lt;span class="cm"&gt;* This class prints the given message on console.&lt;/span&gt;
&lt;span class="cm"&gt;*/&lt;/span&gt;
&lt;span class="kd"&gt;public&lt;/span&gt; &lt;span class="kd"&gt;class&lt;/span&gt; &lt;span class="nc"&gt;MessageUtil&lt;/span&gt; &lt;span class="o"&gt;{&lt;/span&gt;
   &lt;span class="kd"&gt;private&lt;/span&gt; &lt;span class="n"&gt;String&lt;/span&gt; &lt;span class="n"&gt;message&lt;/span&gt;&lt;span class="o"&gt;;&lt;/span&gt;
   &lt;span class="c1"&gt;//Constructor&lt;/span&gt;
   &lt;span class="c1"&gt;//@param message to be printed&lt;/span&gt;
   &lt;span class="kd"&gt;public&lt;/span&gt; &lt;span class="nf"&gt;MessageUtil&lt;/span&gt;&lt;span class="o"&gt;(&lt;/span&gt;&lt;span class="n"&gt;String&lt;/span&gt; &lt;span class="n"&gt;message&lt;/span&gt;&lt;span class="o"&gt;){&lt;/span&gt;
      &lt;span class="k"&gt;this&lt;/span&gt;&lt;span class="o"&gt;.&lt;/span&gt;&lt;span class="na"&gt;message&lt;/span&gt; &lt;span class="o"&gt;=&lt;/span&gt; &lt;span class="n"&gt;message&lt;/span&gt;&lt;span class="o"&gt;;&lt;/span&gt;
   &lt;span class="o"&gt;}&lt;/span&gt;
   &lt;span class="c1"&gt;// prints the message&lt;/span&gt;
   &lt;span class="kd"&gt;public&lt;/span&gt; &lt;span class="n"&gt;String&lt;/span&gt; &lt;span class="nf"&gt;printMessage&lt;/span&gt;&lt;span class="o"&gt;(){&lt;/span&gt;
      &lt;span class="n"&gt;System&lt;/span&gt;&lt;span class="o"&gt;.&lt;/span&gt;&lt;span class="na"&gt;out&lt;/span&gt;&lt;span class="o"&gt;.&lt;/span&gt;&lt;span class="na"&gt;println&lt;/span&gt;&lt;span class="o"&gt;(&lt;/span&gt;&lt;span class="n"&gt;message&lt;/span&gt;&lt;span class="o"&gt;);&lt;/span&gt;
      &lt;span class="k"&gt;return&lt;/span&gt; &lt;span class="n"&gt;message&lt;/span&gt;&lt;span class="o"&gt;;&lt;/span&gt;
   &lt;span class="o"&gt;}&lt;/span&gt;
   &lt;span class="c1"&gt;// add "Hi!" to the message&lt;/span&gt;
   &lt;span class="kd"&gt;public&lt;/span&gt; &lt;span class="n"&gt;String&lt;/span&gt; &lt;span class="nf"&gt;salutationMessage&lt;/span&gt;&lt;span class="o"&gt;(){&lt;/span&gt;
      &lt;span class="n"&gt;message&lt;/span&gt; &lt;span class="o"&gt;=&lt;/span&gt; &lt;span class="s"&gt;"Hi!"&lt;/span&gt; &lt;span class="o"&gt;+&lt;/span&gt; &lt;span class="n"&gt;message&lt;/span&gt;&lt;span class="o"&gt;;&lt;/span&gt;
      &lt;span class="n"&gt;System&lt;/span&gt;&lt;span class="o"&gt;.&lt;/span&gt;&lt;span class="na"&gt;out&lt;/span&gt;&lt;span class="o"&gt;.&lt;/span&gt;&lt;span class="na"&gt;println&lt;/span&gt;&lt;span class="o"&gt;(&lt;/span&gt;&lt;span class="n"&gt;message&lt;/span&gt;&lt;span class="o"&gt;);&lt;/span&gt;
      &lt;span class="k"&gt;return&lt;/span&gt; &lt;span class="n"&gt;message&lt;/span&gt;&lt;span class="o"&gt;;&lt;/span&gt;
   &lt;span class="o"&gt;}&lt;/span&gt;
&lt;span class="o"&gt;}&lt;/span&gt;
&lt;/pre&gt;


&lt;h5 id="step-2-create-business-login-class-with-business-login-test-class"&gt;Step 2: Create Business Login Class with Business Login Test Class&lt;/h5&gt;
&lt;p&gt;Business Logic class with Methods for testing:&lt;/p&gt;
&lt;pre class="code literal-block"&gt;&lt;span&gt;&lt;/span&gt;&lt;span class="kn"&gt;import&lt;/span&gt; &lt;span class="nn"&gt;org.junit.Test&lt;/span&gt;&lt;span class="o"&gt;;&lt;/span&gt;
&lt;span class="kn"&gt;import&lt;/span&gt; &lt;span class="nn"&gt;org.junit.Ignore&lt;/span&gt;&lt;span class="o"&gt;;&lt;/span&gt;
&lt;span class="kn"&gt;import static&lt;/span&gt; &lt;span class="nn"&gt;org.junit.Assert.assertEquals&lt;/span&gt;&lt;span class="o"&gt;;&lt;/span&gt;
&lt;span class="kd"&gt;public&lt;/span&gt; &lt;span class="kd"&gt;class&lt;/span&gt; &lt;span class="nc"&gt;TestJunit1&lt;/span&gt; &lt;span class="o"&gt;{&lt;/span&gt;
   &lt;span class="n"&gt;String&lt;/span&gt; &lt;span class="n"&gt;message&lt;/span&gt; &lt;span class="o"&gt;=&lt;/span&gt; &lt;span class="s"&gt;"Robert"&lt;/span&gt;&lt;span class="o"&gt;;&lt;/span&gt;
   &lt;span class="n"&gt;MessageUtil&lt;/span&gt; &lt;span class="n"&gt;messageUtil&lt;/span&gt; &lt;span class="o"&gt;=&lt;/span&gt; &lt;span class="k"&gt;new&lt;/span&gt; &lt;span class="n"&gt;MessageUtil&lt;/span&gt;&lt;span class="o"&gt;(&lt;/span&gt;&lt;span class="n"&gt;message&lt;/span&gt;&lt;span class="o"&gt;);&lt;/span&gt;
   &lt;span class="nd"&gt;@Test&lt;/span&gt;
   &lt;span class="kd"&gt;public&lt;/span&gt; &lt;span class="kt"&gt;void&lt;/span&gt; &lt;span class="nf"&gt;testPrintMessage&lt;/span&gt;&lt;span class="o"&gt;()&lt;/span&gt; &lt;span class="o"&gt;{&lt;/span&gt;
      &lt;span class="n"&gt;System&lt;/span&gt;&lt;span class="o"&gt;.&lt;/span&gt;&lt;span class="na"&gt;out&lt;/span&gt;&lt;span class="o"&gt;.&lt;/span&gt;&lt;span class="na"&gt;println&lt;/span&gt;&lt;span class="o"&gt;(&lt;/span&gt;&lt;span class="s"&gt;"Inside testPrintMessage()"&lt;/span&gt;&lt;span class="o"&gt;);&lt;/span&gt;
      &lt;span class="n"&gt;assertEquals&lt;/span&gt;&lt;span class="o"&gt;(&lt;/span&gt;&lt;span class="n"&gt;message&lt;/span&gt;&lt;span class="o"&gt;,&lt;/span&gt; &lt;span class="n"&gt;messageUtil&lt;/span&gt;&lt;span class="o"&gt;.&lt;/span&gt;&lt;span class="na"&gt;printMessage&lt;/span&gt;&lt;span class="o"&gt;());&lt;/span&gt;
   &lt;span class="o"&gt;}&lt;/span&gt;
&lt;span class="o"&gt;}&lt;/span&gt;
&lt;/pre&gt;


&lt;p&gt;Business Logic Test Class with Assertions:&lt;/p&gt;
&lt;pre class="code literal-block"&gt;&lt;span&gt;&lt;/span&gt;&lt;span class="kn"&gt;import&lt;/span&gt; &lt;span class="nn"&gt;org.junit.Test&lt;/span&gt;&lt;span class="o"&gt;;&lt;/span&gt;
&lt;span class="kn"&gt;import&lt;/span&gt; &lt;span class="nn"&gt;org.junit.Ignore&lt;/span&gt;&lt;span class="o"&gt;;&lt;/span&gt;
&lt;span class="kn"&gt;import static&lt;/span&gt; &lt;span class="nn"&gt;org.junit.Assert.assertEquals&lt;/span&gt;&lt;span class="o"&gt;;&lt;/span&gt;
&lt;span class="kd"&gt;public&lt;/span&gt; &lt;span class="kd"&gt;class&lt;/span&gt; &lt;span class="nc"&gt;TestJunit2&lt;/span&gt; &lt;span class="o"&gt;{&lt;/span&gt;
   &lt;span class="n"&gt;String&lt;/span&gt; &lt;span class="n"&gt;message&lt;/span&gt; &lt;span class="o"&gt;=&lt;/span&gt; &lt;span class="s"&gt;"Robert"&lt;/span&gt;&lt;span class="o"&gt;;&lt;/span&gt;
   &lt;span class="n"&gt;MessageUtil&lt;/span&gt; &lt;span class="n"&gt;messageUtil&lt;/span&gt; &lt;span class="o"&gt;=&lt;/span&gt; &lt;span class="k"&gt;new&lt;/span&gt; &lt;span class="n"&gt;MessageUtil&lt;/span&gt;&lt;span class="o"&gt;(&lt;/span&gt;&lt;span class="n"&gt;message&lt;/span&gt;&lt;span class="o"&gt;);&lt;/span&gt;
   &lt;span class="nd"&gt;@Test&lt;/span&gt;
   &lt;span class="kd"&gt;public&lt;/span&gt; &lt;span class="kt"&gt;void&lt;/span&gt; &lt;span class="nf"&gt;testSalutationMessage&lt;/span&gt;&lt;span class="o"&gt;()&lt;/span&gt; &lt;span class="o"&gt;{&lt;/span&gt;
      &lt;span class="n"&gt;System&lt;/span&gt;&lt;span class="o"&gt;.&lt;/span&gt;&lt;span class="na"&gt;out&lt;/span&gt;&lt;span class="o"&gt;.&lt;/span&gt;&lt;span class="na"&gt;println&lt;/span&gt;&lt;span class="o"&gt;(&lt;/span&gt;&lt;span class="s"&gt;"Inside testSalutationMessage()"&lt;/span&gt;&lt;span class="o"&gt;);&lt;/span&gt;
      &lt;span class="n"&gt;message&lt;/span&gt; &lt;span class="o"&gt;=&lt;/span&gt; &lt;span class="s"&gt;"Hi!"&lt;/span&gt; &lt;span class="o"&gt;+&lt;/span&gt; &lt;span class="s"&gt;"Robert"&lt;/span&gt;&lt;span class="o"&gt;;&lt;/span&gt;
      &lt;span class="n"&gt;assertEquals&lt;/span&gt;&lt;span class="o"&gt;(&lt;/span&gt;&lt;span class="n"&gt;message&lt;/span&gt;&lt;span class="o"&gt;,&lt;/span&gt;&lt;span class="n"&gt;messageUtil&lt;/span&gt;&lt;span class="o"&gt;.&lt;/span&gt;&lt;span class="na"&gt;salutationMessage&lt;/span&gt;&lt;span class="o"&gt;());&lt;/span&gt;
   &lt;span class="o"&gt;}&lt;/span&gt;
&lt;span class="o"&gt;}&lt;/span&gt;
&lt;/pre&gt;


&lt;h5 id="step3-create-test-suite-class-using-runwith-and-suite-annotation"&gt;Step3: Create Test Suite Class using @RunWith and @Suite annotation&lt;/h5&gt;
&lt;p&gt;Example code from Tutorialspoint.com:&lt;/p&gt;
&lt;pre class="code literal-block"&gt;&lt;span&gt;&lt;/span&gt;&lt;span class="kn"&gt;import&lt;/span&gt; &lt;span class="nn"&gt;org.junit.runner.RunWith&lt;/span&gt;&lt;span class="o"&gt;;&lt;/span&gt;
&lt;span class="kn"&gt;import&lt;/span&gt; &lt;span class="nn"&gt;org.junit.runners.Suite&lt;/span&gt;&lt;span class="o"&gt;;&lt;/span&gt;
&lt;span class="c1"&gt;//@RunWith takes Suite.class parameter&lt;/span&gt;
&lt;span class="nd"&gt;@RunWith&lt;/span&gt;&lt;span class="o"&gt;(&lt;/span&gt;&lt;span class="n"&gt;Suite&lt;/span&gt;&lt;span class="o"&gt;.&lt;/span&gt;&lt;span class="na"&gt;class&lt;/span&gt;&lt;span class="o"&gt;)&lt;/span&gt;
&lt;span class="nd"&gt;@Suite.SuiteClasses&lt;/span&gt;&lt;span class="o"&gt;({&lt;/span&gt;
   &lt;span class="c1"&gt;//A list of unit tests included in this test suite&lt;/span&gt;
   &lt;span class="n"&gt;TestJunit1&lt;/span&gt;&lt;span class="o"&gt;.&lt;/span&gt;&lt;span class="na"&gt;class&lt;/span&gt;&lt;span class="o"&gt;,&lt;/span&gt;
   &lt;span class="n"&gt;TestJunit2&lt;/span&gt;&lt;span class="o"&gt;.&lt;/span&gt;&lt;span class="na"&gt;class&lt;/span&gt;
&lt;span class="o"&gt;})&lt;/span&gt;
&lt;span class="kd"&gt;public&lt;/span&gt; &lt;span class="kd"&gt;class&lt;/span&gt; &lt;span class="nc"&gt;JunitTestSuite&lt;/span&gt; &lt;span class="o"&gt;{&lt;/span&gt;
&lt;span class="o"&gt;}&lt;/span&gt;
&lt;/pre&gt;


&lt;h5 id="create-test-runner-classes"&gt;Create Test Runner Classes&lt;/h5&gt;
&lt;p&gt;Same code as examples above&lt;/p&gt;
&lt;h4 id="ignore-test"&gt;Ignore Test&lt;/h4&gt;
&lt;p&gt;Sometimes it happens that our code is not ready and test case written to test that method/code will fail if run. The &lt;code&gt;@Ignore&lt;/code&gt; annotation helps in this regards.&lt;/p&gt;
&lt;p&gt;A test method annotated with @Ignore &lt;strong&gt;will not be executed&lt;/strong&gt;.&lt;/p&gt;
&lt;p&gt;If a test class is annotated with @Ignore then none of its test methods will be executed.&lt;/p&gt;
&lt;h5 id="step-1-create-a-message-class_1"&gt;Step 1: Create a Message Class&lt;/h5&gt;
&lt;p&gt;Same as example above.&lt;/p&gt;
&lt;h5 id="step-2-create-business-login-class-with-business-login-test-class_1"&gt;Step 2: Create Business Login Class with Business Login Test Class&lt;/h5&gt;
&lt;p&gt;Same as example above.&lt;/p&gt;
&lt;h5 id="step-3-create-test-runner-class-with-ignore-annotation"&gt;Step 3: Create Test Runner Class with @Ignore Annotation&lt;/h5&gt;
&lt;p&gt;Example code from Tutorialspoint.com:&lt;/p&gt;
&lt;pre class="code literal-block"&gt;&lt;span&gt;&lt;/span&gt;&lt;span class="kn"&gt;import&lt;/span&gt; &lt;span class="nn"&gt;org.junit.Test&lt;/span&gt;&lt;span class="o"&gt;;&lt;/span&gt;
&lt;span class="kn"&gt;import&lt;/span&gt; &lt;span class="nn"&gt;org.junit.Ignore&lt;/span&gt;&lt;span class="o"&gt;;&lt;/span&gt;
&lt;span class="kn"&gt;import static&lt;/span&gt; &lt;span class="nn"&gt;org.junit.Assert.assertEquals&lt;/span&gt;&lt;span class="o"&gt;;&lt;/span&gt;
&lt;span class="c1"&gt;//Note @Ignore is the annotation for test runner class&lt;/span&gt;
&lt;span class="nd"&gt;@Ignore&lt;/span&gt;
&lt;span class="kd"&gt;public&lt;/span&gt; &lt;span class="kd"&gt;class&lt;/span&gt; &lt;span class="nc"&gt;TestJunit&lt;/span&gt; &lt;span class="o"&gt;{&lt;/span&gt;
   &lt;span class="n"&gt;String&lt;/span&gt; &lt;span class="n"&gt;message&lt;/span&gt; &lt;span class="o"&gt;=&lt;/span&gt; &lt;span class="s"&gt;"Robert"&lt;/span&gt;&lt;span class="o"&gt;;&lt;/span&gt;
   &lt;span class="n"&gt;MessageUtil&lt;/span&gt; &lt;span class="n"&gt;messageUtil&lt;/span&gt; &lt;span class="o"&gt;=&lt;/span&gt; &lt;span class="k"&gt;new&lt;/span&gt; &lt;span class="n"&gt;MessageUtil&lt;/span&gt;&lt;span class="o"&gt;(&lt;/span&gt;&lt;span class="n"&gt;message&lt;/span&gt;&lt;span class="o"&gt;);&lt;/span&gt;
   &lt;span class="nd"&gt;@Test&lt;/span&gt;
   &lt;span class="kd"&gt;public&lt;/span&gt; &lt;span class="kt"&gt;void&lt;/span&gt; &lt;span class="nf"&gt;testPrintMessage&lt;/span&gt;&lt;span class="o"&gt;()&lt;/span&gt; &lt;span class="o"&gt;{&lt;/span&gt;
      &lt;span class="n"&gt;System&lt;/span&gt;&lt;span class="o"&gt;.&lt;/span&gt;&lt;span class="na"&gt;out&lt;/span&gt;&lt;span class="o"&gt;.&lt;/span&gt;&lt;span class="na"&gt;println&lt;/span&gt;&lt;span class="o"&gt;(&lt;/span&gt;&lt;span class="s"&gt;"Inside testPrintMessage()"&lt;/span&gt;&lt;span class="o"&gt;);&lt;/span&gt;
      &lt;span class="n"&gt;message&lt;/span&gt; &lt;span class="o"&gt;=&lt;/span&gt; &lt;span class="s"&gt;"Robert"&lt;/span&gt;&lt;span class="o"&gt;;&lt;/span&gt;
      &lt;span class="n"&gt;assertEquals&lt;/span&gt;&lt;span class="o"&gt;(&lt;/span&gt;&lt;span class="n"&gt;message&lt;/span&gt;&lt;span class="o"&gt;,&lt;/span&gt;&lt;span class="n"&gt;messageUtil&lt;/span&gt;&lt;span class="o"&gt;.&lt;/span&gt;&lt;span class="na"&gt;printMessage&lt;/span&gt;&lt;span class="o"&gt;());&lt;/span&gt;
   &lt;span class="o"&gt;}&lt;/span&gt;
   &lt;span class="nd"&gt;@Test&lt;/span&gt;
   &lt;span class="kd"&gt;public&lt;/span&gt; &lt;span class="kt"&gt;void&lt;/span&gt; &lt;span class="nf"&gt;testSalutationMessage&lt;/span&gt;&lt;span class="o"&gt;()&lt;/span&gt; &lt;span class="o"&gt;{&lt;/span&gt;
      &lt;span class="n"&gt;System&lt;/span&gt;&lt;span class="o"&gt;.&lt;/span&gt;&lt;span class="na"&gt;out&lt;/span&gt;&lt;span class="o"&gt;.&lt;/span&gt;&lt;span class="na"&gt;println&lt;/span&gt;&lt;span class="o"&gt;(&lt;/span&gt;&lt;span class="s"&gt;"Inside testSalutationMessage()"&lt;/span&gt;&lt;span class="o"&gt;);&lt;/span&gt;
      &lt;span class="n"&gt;message&lt;/span&gt; &lt;span class="o"&gt;=&lt;/span&gt; &lt;span class="s"&gt;"Hi!"&lt;/span&gt; &lt;span class="o"&gt;+&lt;/span&gt; &lt;span class="s"&gt;"Robert"&lt;/span&gt;&lt;span class="o"&gt;;&lt;/span&gt;
      &lt;span class="n"&gt;assertEquals&lt;/span&gt;&lt;span class="o"&gt;(&lt;/span&gt;&lt;span class="n"&gt;message&lt;/span&gt;&lt;span class="o"&gt;,&lt;/span&gt;&lt;span class="n"&gt;messageUtil&lt;/span&gt;&lt;span class="o"&gt;.&lt;/span&gt;&lt;span class="na"&gt;salutationMessage&lt;/span&gt;&lt;span class="o"&gt;());&lt;/span&gt;
   &lt;span class="o"&gt;}&lt;/span&gt;
&lt;span class="o"&gt;}&lt;/span&gt;
&lt;/pre&gt;


&lt;p&gt;If you run the code above, you will always pass all test because none of test with @Test annotation above is excuted.&lt;/p&gt;
&lt;h4 id="time-test"&gt;Time Test&lt;/h4&gt;
&lt;p&gt;If a test case takes more time than specified number of milliseconds then JUnit will automatically mark it as failed.&lt;/p&gt;
&lt;p&gt;The &lt;code&gt;timeout&lt;/code&gt; parameter is used along with @Test annotation.&lt;/p&gt;
&lt;h5 id="step-1-create-a-message-class_2"&gt;Step 1: Create a Message Class&lt;/h5&gt;
&lt;p&gt;Same as example above.&lt;/p&gt;
&lt;h5 id="step-2-create-test-class-with-timeout-setting"&gt;Step 2: Create Test Class with Timeout Setting&lt;/h5&gt;
&lt;p&gt;Example code from Tutorialspoint.com:&lt;/p&gt;
&lt;pre class="code literal-block"&gt;&lt;span&gt;&lt;/span&gt;&lt;span class="kn"&gt;import&lt;/span&gt; &lt;span class="nn"&gt;org.junit.Test&lt;/span&gt;&lt;span class="o"&gt;;&lt;/span&gt;
&lt;span class="kn"&gt;import&lt;/span&gt; &lt;span class="nn"&gt;org.junit.Ignore&lt;/span&gt;&lt;span class="o"&gt;;&lt;/span&gt;
&lt;span class="kn"&gt;import static&lt;/span&gt; &lt;span class="nn"&gt;org.junit.Assert.assertEquals&lt;/span&gt;&lt;span class="o"&gt;;&lt;/span&gt;
&lt;span class="kd"&gt;public&lt;/span&gt; &lt;span class="kd"&gt;class&lt;/span&gt; &lt;span class="nc"&gt;TestJunit&lt;/span&gt; &lt;span class="o"&gt;{&lt;/span&gt;
   &lt;span class="n"&gt;String&lt;/span&gt; &lt;span class="n"&gt;message&lt;/span&gt; &lt;span class="o"&gt;=&lt;/span&gt; &lt;span class="s"&gt;"Robert"&lt;/span&gt;&lt;span class="o"&gt;;&lt;/span&gt;
   &lt;span class="n"&gt;MessageUtil&lt;/span&gt; &lt;span class="n"&gt;messageUtil&lt;/span&gt; &lt;span class="o"&gt;=&lt;/span&gt; &lt;span class="k"&gt;new&lt;/span&gt; &lt;span class="n"&gt;MessageUtil&lt;/span&gt;&lt;span class="o"&gt;(&lt;/span&gt;&lt;span class="n"&gt;message&lt;/span&gt;&lt;span class="o"&gt;);&lt;/span&gt;
   &lt;span class="c1"&gt;//Add timeout parameter for @Test annotation&lt;/span&gt;
   &lt;span class="nd"&gt;@Test&lt;/span&gt;&lt;span class="o"&gt;(&lt;/span&gt;&lt;span class="n"&gt;timeout&lt;/span&gt;&lt;span class="o"&gt;=&lt;/span&gt;&lt;span class="mi"&gt;1000&lt;/span&gt;&lt;span class="o"&gt;)&lt;/span&gt;
   &lt;span class="kd"&gt;public&lt;/span&gt; &lt;span class="kt"&gt;void&lt;/span&gt; &lt;span class="nf"&gt;testPrintMessage&lt;/span&gt;&lt;span class="o"&gt;()&lt;/span&gt; &lt;span class="o"&gt;{&lt;/span&gt;
      &lt;span class="n"&gt;System&lt;/span&gt;&lt;span class="o"&gt;.&lt;/span&gt;&lt;span class="na"&gt;out&lt;/span&gt;&lt;span class="o"&gt;.&lt;/span&gt;&lt;span class="na"&gt;println&lt;/span&gt;&lt;span class="o"&gt;(&lt;/span&gt;&lt;span class="s"&gt;"Inside testPrintMessage()"&lt;/span&gt;&lt;span class="o"&gt;);&lt;/span&gt;
      &lt;span class="n"&gt;messageUtil&lt;/span&gt;&lt;span class="o"&gt;.&lt;/span&gt;&lt;span class="na"&gt;printMessage&lt;/span&gt;&lt;span class="o"&gt;();&lt;/span&gt;
   &lt;span class="o"&gt;}&lt;/span&gt;
   &lt;span class="nd"&gt;@Test&lt;/span&gt;
   &lt;span class="kd"&gt;public&lt;/span&gt; &lt;span class="kt"&gt;void&lt;/span&gt; &lt;span class="nf"&gt;testSalutationMessage&lt;/span&gt;&lt;span class="o"&gt;()&lt;/span&gt; &lt;span class="o"&gt;{&lt;/span&gt;
      &lt;span class="n"&gt;System&lt;/span&gt;&lt;span class="o"&gt;.&lt;/span&gt;&lt;span class="na"&gt;out&lt;/span&gt;&lt;span class="o"&gt;.&lt;/span&gt;&lt;span class="na"&gt;println&lt;/span&gt;&lt;span class="o"&gt;(&lt;/span&gt;&lt;span class="s"&gt;"Inside testSalutationMessage()"&lt;/span&gt;&lt;span class="o"&gt;);&lt;/span&gt;
      &lt;span class="n"&gt;message&lt;/span&gt; &lt;span class="o"&gt;=&lt;/span&gt; &lt;span class="s"&gt;"Hi!"&lt;/span&gt; &lt;span class="o"&gt;+&lt;/span&gt; &lt;span class="s"&gt;"Robert"&lt;/span&gt;&lt;span class="o"&gt;;&lt;/span&gt;
      &lt;span class="n"&gt;assertEquals&lt;/span&gt;&lt;span class="o"&gt;(&lt;/span&gt;&lt;span class="n"&gt;message&lt;/span&gt;&lt;span class="o"&gt;,&lt;/span&gt;&lt;span class="n"&gt;messageUtil&lt;/span&gt;&lt;span class="o"&gt;.&lt;/span&gt;&lt;span class="na"&gt;salutationMessage&lt;/span&gt;&lt;span class="o"&gt;());&lt;/span&gt;
   &lt;span class="o"&gt;}&lt;/span&gt;
&lt;span class="o"&gt;}&lt;/span&gt;
&lt;/pre&gt;


&lt;h5 id="step-3-create-test-runner-class"&gt;Step 3: Create Test Runner Class&lt;/h5&gt;
&lt;p&gt;Same regular Test Runner class as examples above&lt;/p&gt;
&lt;h4 id="exceptions-test"&gt;Exceptions Test&lt;/h4&gt;
&lt;p&gt;You can test the code &lt;em&gt;whether code throws desired exception or not&lt;/em&gt;.&lt;/p&gt;
&lt;p&gt;The &lt;strong&gt;expected&lt;/strong&gt; parameter is used along with @Test annotation.&lt;/p&gt;
&lt;h5 id="step-1-create-a-message-class_3"&gt;Step 1: Create a Message Class&lt;/h5&gt;
&lt;p&gt;Same as example above.&lt;/p&gt;
&lt;h5 id="step-2-create-test-class-with-exception-setting"&gt;Step 2: Create Test Class with Exception Setting&lt;/h5&gt;
&lt;p&gt;Example code from Tutorialspoint.com:&lt;/p&gt;
&lt;pre class="code literal-block"&gt;&lt;span&gt;&lt;/span&gt;&lt;span class="kn"&gt;import&lt;/span&gt; &lt;span class="nn"&gt;org.junit.Test&lt;/span&gt;&lt;span class="o"&gt;;&lt;/span&gt;
&lt;span class="kn"&gt;import&lt;/span&gt; &lt;span class="nn"&gt;org.junit.Ignore&lt;/span&gt;&lt;span class="o"&gt;;&lt;/span&gt;
&lt;span class="kn"&gt;import static&lt;/span&gt; &lt;span class="nn"&gt;org.junit.Assert.assertEquals&lt;/span&gt;&lt;span class="o"&gt;;&lt;/span&gt;
&lt;span class="kd"&gt;public&lt;/span&gt; &lt;span class="kd"&gt;class&lt;/span&gt; &lt;span class="nc"&gt;TestJunit&lt;/span&gt; &lt;span class="o"&gt;{&lt;/span&gt;
   &lt;span class="n"&gt;String&lt;/span&gt; &lt;span class="n"&gt;message&lt;/span&gt; &lt;span class="o"&gt;=&lt;/span&gt; &lt;span class="s"&gt;"Robert"&lt;/span&gt;&lt;span class="o"&gt;;&lt;/span&gt;
   &lt;span class="n"&gt;MessageUtil&lt;/span&gt; &lt;span class="n"&gt;messageUtil&lt;/span&gt; &lt;span class="o"&gt;=&lt;/span&gt; &lt;span class="k"&gt;new&lt;/span&gt; &lt;span class="n"&gt;MessageUtil&lt;/span&gt;&lt;span class="o"&gt;(&lt;/span&gt;&lt;span class="n"&gt;message&lt;/span&gt;&lt;span class="o"&gt;);&lt;/span&gt;
   &lt;span class="c1"&gt;//Put specific exception class as parameter&lt;/span&gt;
   &lt;span class="nd"&gt;@Test&lt;/span&gt;&lt;span class="o"&gt;(&lt;/span&gt;&lt;span class="n"&gt;expected&lt;/span&gt; &lt;span class="o"&gt;=&lt;/span&gt; &lt;span class="n"&gt;ArithmeticException&lt;/span&gt;&lt;span class="o"&gt;.&lt;/span&gt;&lt;span class="na"&gt;class&lt;/span&gt;&lt;span class="o"&gt;)&lt;/span&gt;
   &lt;span class="kd"&gt;public&lt;/span&gt; &lt;span class="kt"&gt;void&lt;/span&gt; &lt;span class="nf"&gt;testPrintMessage&lt;/span&gt;&lt;span class="o"&gt;()&lt;/span&gt; &lt;span class="o"&gt;{&lt;/span&gt;
      &lt;span class="n"&gt;System&lt;/span&gt;&lt;span class="o"&gt;.&lt;/span&gt;&lt;span class="na"&gt;out&lt;/span&gt;&lt;span class="o"&gt;.&lt;/span&gt;&lt;span class="na"&gt;println&lt;/span&gt;&lt;span class="o"&gt;(&lt;/span&gt;&lt;span class="s"&gt;"Inside testPrintMessage()"&lt;/span&gt;&lt;span class="o"&gt;);&lt;/span&gt;
      &lt;span class="n"&gt;messageUtil&lt;/span&gt;&lt;span class="o"&gt;.&lt;/span&gt;&lt;span class="na"&gt;printMessage&lt;/span&gt;&lt;span class="o"&gt;();&lt;/span&gt;
   &lt;span class="o"&gt;}&lt;/span&gt;
   &lt;span class="nd"&gt;@Test&lt;/span&gt;
   &lt;span class="kd"&gt;public&lt;/span&gt; &lt;span class="kt"&gt;void&lt;/span&gt; &lt;span class="nf"&gt;testSalutationMessage&lt;/span&gt;&lt;span class="o"&gt;()&lt;/span&gt; &lt;span class="o"&gt;{&lt;/span&gt;
      &lt;span class="n"&gt;System&lt;/span&gt;&lt;span class="o"&gt;.&lt;/span&gt;&lt;span class="na"&gt;out&lt;/span&gt;&lt;span class="o"&gt;.&lt;/span&gt;&lt;span class="na"&gt;println&lt;/span&gt;&lt;span class="o"&gt;(&lt;/span&gt;&lt;span class="s"&gt;"Inside testSalutationMessage()"&lt;/span&gt;&lt;span class="o"&gt;);&lt;/span&gt;
      &lt;span class="n"&gt;message&lt;/span&gt; &lt;span class="o"&gt;=&lt;/span&gt; &lt;span class="s"&gt;"Hi!"&lt;/span&gt; &lt;span class="o"&gt;+&lt;/span&gt; &lt;span class="s"&gt;"Robert"&lt;/span&gt;&lt;span class="o"&gt;;&lt;/span&gt;
      &lt;span class="n"&gt;assertEquals&lt;/span&gt;&lt;span class="o"&gt;(&lt;/span&gt;&lt;span class="n"&gt;message&lt;/span&gt;&lt;span class="o"&gt;,&lt;/span&gt;&lt;span class="n"&gt;messageUtil&lt;/span&gt;&lt;span class="o"&gt;.&lt;/span&gt;&lt;span class="na"&gt;salutationMessage&lt;/span&gt;&lt;span class="o"&gt;());&lt;/span&gt;
   &lt;span class="o"&gt;}&lt;/span&gt;
&lt;span class="o"&gt;}&lt;/span&gt;
&lt;/pre&gt;


&lt;h5 id="step-3-create-test-runner-class_1"&gt;Step 3: Create Test Runner Class&lt;/h5&gt;
&lt;p&gt;Same regular Test Runner class as examples above&lt;/p&gt;
&lt;h4 id="parameterized-test"&gt;Parameterized Test&lt;/h4&gt;
&lt;p&gt;Parameterized tests allow developer to &lt;em&gt;run the same test over and over again using different values&lt;/em&gt;.&lt;/p&gt;
&lt;p&gt;Five steps to follow for parameterized test:&lt;/p&gt;
&lt;ol&gt;
&lt;li&gt;
&lt;p&gt;Annotate test class with `@RunWith(Parameterized.class)``&lt;/p&gt;
&lt;/li&gt;
&lt;li&gt;
&lt;p&gt;Create a public static method annotated with &lt;code&gt;@Parameters&lt;/code&gt; that returns a &lt;strong&gt;Collection of Objects&lt;/strong&gt; (as Array) as test data set.&lt;/p&gt;
&lt;/li&gt;
&lt;li&gt;
&lt;p&gt;Create a public constructor that takes in what is equivalent to one "row" of test data.&lt;/p&gt;
&lt;/li&gt;
&lt;li&gt;
&lt;p&gt;Create an instance variable for each "column" of test data.&lt;/p&gt;
&lt;/li&gt;
&lt;li&gt;
&lt;p&gt;Create your tests case(s) using the instance variables as the source of the test data.&lt;/p&gt;
&lt;/li&gt;
&lt;/ol&gt;
&lt;p&gt;The test case will be invoked once per each row of data.&lt;/p&gt;
&lt;h5 id="step-1-create-a-business-logic-class-with-methods-for-testing"&gt;Step 1: Create a Business Logic class with Methods for Testing&lt;/h5&gt;
&lt;p&gt;Exmaple code from Tutorialspoint.com:&lt;/p&gt;
&lt;pre class="code literal-block"&gt;&lt;span&gt;&lt;/span&gt;&lt;span class="kd"&gt;public&lt;/span&gt; &lt;span class="kd"&gt;class&lt;/span&gt; &lt;span class="nc"&gt;PrimeNumberChecker&lt;/span&gt; &lt;span class="o"&gt;{&lt;/span&gt;
   &lt;span class="kd"&gt;public&lt;/span&gt; &lt;span class="n"&gt;Boolean&lt;/span&gt; &lt;span class="nf"&gt;validate&lt;/span&gt;&lt;span class="o"&gt;(&lt;/span&gt;&lt;span class="kd"&gt;final&lt;/span&gt; &lt;span class="n"&gt;Integer&lt;/span&gt; &lt;span class="n"&gt;primeNumber&lt;/span&gt;&lt;span class="o"&gt;)&lt;/span&gt; &lt;span class="o"&gt;{&lt;/span&gt;
      &lt;span class="k"&gt;for&lt;/span&gt; &lt;span class="o"&gt;(&lt;/span&gt;&lt;span class="kt"&gt;int&lt;/span&gt; &lt;span class="n"&gt;i&lt;/span&gt; &lt;span class="o"&gt;=&lt;/span&gt; &lt;span class="mi"&gt;2&lt;/span&gt;&lt;span class="o"&gt;;&lt;/span&gt; &lt;span class="n"&gt;i&lt;/span&gt; &lt;span class="o"&gt;&amp;lt;&lt;/span&gt; &lt;span class="o"&gt;(&lt;/span&gt;&lt;span class="n"&gt;primeNumber&lt;/span&gt; &lt;span class="o"&gt;/&lt;/span&gt; &lt;span class="mi"&gt;2&lt;/span&gt;&lt;span class="o"&gt;);&lt;/span&gt; &lt;span class="n"&gt;i&lt;/span&gt;&lt;span class="o"&gt;++)&lt;/span&gt; &lt;span class="o"&gt;{&lt;/span&gt;
         &lt;span class="k"&gt;if&lt;/span&gt; &lt;span class="o"&gt;(&lt;/span&gt;&lt;span class="n"&gt;primeNumber&lt;/span&gt; &lt;span class="o"&gt;%&lt;/span&gt; &lt;span class="n"&gt;i&lt;/span&gt; &lt;span class="o"&gt;==&lt;/span&gt; &lt;span class="mi"&gt;0&lt;/span&gt;&lt;span class="o"&gt;)&lt;/span&gt; &lt;span class="o"&gt;{&lt;/span&gt;
            &lt;span class="k"&gt;return&lt;/span&gt; &lt;span class="kc"&gt;false&lt;/span&gt;&lt;span class="o"&gt;;&lt;/span&gt;
         &lt;span class="o"&gt;}&lt;/span&gt;
      &lt;span class="o"&gt;}&lt;/span&gt;
      &lt;span class="k"&gt;return&lt;/span&gt; &lt;span class="kc"&gt;true&lt;/span&gt;&lt;span class="o"&gt;;&lt;/span&gt;
   &lt;span class="o"&gt;}&lt;/span&gt;
&lt;span class="o"&gt;}&lt;/span&gt;
&lt;/pre&gt;


&lt;h5 id="step-2-create-a-business-logic-parameterized-test-class"&gt;Step 2: Create a Business Logic Parameterized Test Class&lt;/h5&gt;
&lt;p&gt;Exmaple code from Tutorialspoint.com:&lt;/p&gt;
&lt;pre class="code literal-block"&gt;&lt;span&gt;&lt;/span&gt;&lt;span class="kn"&gt;import&lt;/span&gt; &lt;span class="nn"&gt;java.util.Arrays&lt;/span&gt;&lt;span class="o"&gt;;&lt;/span&gt;
&lt;span class="kn"&gt;import&lt;/span&gt; &lt;span class="nn"&gt;java.util.Collection&lt;/span&gt;&lt;span class="o"&gt;;&lt;/span&gt;
&lt;span class="kn"&gt;import&lt;/span&gt; &lt;span class="nn"&gt;org.junit.Test&lt;/span&gt;&lt;span class="o"&gt;;&lt;/span&gt;
&lt;span class="kn"&gt;import&lt;/span&gt; &lt;span class="nn"&gt;org.junit.Before&lt;/span&gt;&lt;span class="o"&gt;;&lt;/span&gt;
&lt;span class="kn"&gt;import&lt;/span&gt; &lt;span class="nn"&gt;org.junit.runners.Parameterized&lt;/span&gt;&lt;span class="o"&gt;;&lt;/span&gt;
&lt;span class="kn"&gt;import&lt;/span&gt; &lt;span class="nn"&gt;org.junit.runners.Parameterized.Parameters&lt;/span&gt;&lt;span class="o"&gt;;&lt;/span&gt;
&lt;span class="kn"&gt;import&lt;/span&gt; &lt;span class="nn"&gt;org.junit.runner.RunWith&lt;/span&gt;&lt;span class="o"&gt;;&lt;/span&gt;
&lt;span class="kn"&gt;import static&lt;/span&gt; &lt;span class="nn"&gt;org.junit.Assert.assertEquals&lt;/span&gt;&lt;span class="o"&gt;;&lt;/span&gt;
&lt;span class="c1"&gt;//Parameterized.class works as parameter of @RunWith&lt;/span&gt;
&lt;span class="nd"&gt;@RunWith&lt;/span&gt;&lt;span class="o"&gt;(&lt;/span&gt;&lt;span class="n"&gt;Parameterized&lt;/span&gt;&lt;span class="o"&gt;.&lt;/span&gt;&lt;span class="na"&gt;class&lt;/span&gt;&lt;span class="o"&gt;)&lt;/span&gt;
&lt;span class="kd"&gt;public&lt;/span&gt; &lt;span class="kd"&gt;class&lt;/span&gt; &lt;span class="nc"&gt;PrimeNumberCheckerTest&lt;/span&gt; &lt;span class="o"&gt;{&lt;/span&gt;
   &lt;span class="kd"&gt;private&lt;/span&gt; &lt;span class="n"&gt;Integer&lt;/span&gt; &lt;span class="n"&gt;inputNumber&lt;/span&gt;&lt;span class="o"&gt;;&lt;/span&gt;
   &lt;span class="kd"&gt;private&lt;/span&gt; &lt;span class="n"&gt;Boolean&lt;/span&gt; &lt;span class="n"&gt;expectedResult&lt;/span&gt;&lt;span class="o"&gt;;&lt;/span&gt;
   &lt;span class="kd"&gt;private&lt;/span&gt; &lt;span class="n"&gt;PrimeNumberChecker&lt;/span&gt; &lt;span class="n"&gt;primeNumberChecker&lt;/span&gt;&lt;span class="o"&gt;;&lt;/span&gt;
   &lt;span class="nd"&gt;@Before&lt;/span&gt;
   &lt;span class="kd"&gt;public&lt;/span&gt; &lt;span class="kt"&gt;void&lt;/span&gt; &lt;span class="nf"&gt;initialize&lt;/span&gt;&lt;span class="o"&gt;()&lt;/span&gt; &lt;span class="o"&gt;{&lt;/span&gt;
      &lt;span class="n"&gt;primeNumberChecker&lt;/span&gt; &lt;span class="o"&gt;=&lt;/span&gt; &lt;span class="k"&gt;new&lt;/span&gt; &lt;span class="n"&gt;PrimeNumberChecker&lt;/span&gt;&lt;span class="o"&gt;();&lt;/span&gt;
   &lt;span class="o"&gt;}&lt;/span&gt;
   &lt;span class="c1"&gt;// Each parameter should be placed as an argument here&lt;/span&gt;
   &lt;span class="c1"&gt;// Every time runner triggers, it will pass the arguments&lt;/span&gt;
   &lt;span class="c1"&gt;// from parameters we defined in primeNumbers() method&lt;/span&gt;
   &lt;span class="kd"&gt;public&lt;/span&gt; &lt;span class="nf"&gt;PrimeNumberCheckerTest&lt;/span&gt;&lt;span class="o"&gt;(&lt;/span&gt;&lt;span class="n"&gt;Integer&lt;/span&gt; &lt;span class="n"&gt;inputNumber&lt;/span&gt;&lt;span class="o"&gt;,&lt;/span&gt;
      &lt;span class="n"&gt;Boolean&lt;/span&gt; &lt;span class="n"&gt;expectedResult&lt;/span&gt;&lt;span class="o"&gt;)&lt;/span&gt; &lt;span class="o"&gt;{&lt;/span&gt;
      &lt;span class="k"&gt;this&lt;/span&gt;&lt;span class="o"&gt;.&lt;/span&gt;&lt;span class="na"&gt;inputNumber&lt;/span&gt; &lt;span class="o"&gt;=&lt;/span&gt; &lt;span class="n"&gt;inputNumber&lt;/span&gt;&lt;span class="o"&gt;;&lt;/span&gt;
      &lt;span class="k"&gt;this&lt;/span&gt;&lt;span class="o"&gt;.&lt;/span&gt;&lt;span class="na"&gt;expectedResult&lt;/span&gt; &lt;span class="o"&gt;=&lt;/span&gt; &lt;span class="n"&gt;expectedResult&lt;/span&gt;&lt;span class="o"&gt;;&lt;/span&gt;
   &lt;span class="o"&gt;}&lt;/span&gt;
   &lt;span class="c1"&gt;//Use @Parameterized.Parameters for defining collection of test data&lt;/span&gt;
   &lt;span class="nd"&gt;@Parameterized.Parameters&lt;/span&gt;
   &lt;span class="kd"&gt;public&lt;/span&gt; &lt;span class="kd"&gt;static&lt;/span&gt; &lt;span class="n"&gt;Collection&lt;/span&gt; &lt;span class="nf"&gt;primeNumbers&lt;/span&gt;&lt;span class="o"&gt;()&lt;/span&gt; &lt;span class="o"&gt;{&lt;/span&gt;
      &lt;span class="c1"&gt;//Note it returns an Array as collection&lt;/span&gt;
      &lt;span class="k"&gt;return&lt;/span&gt; &lt;span class="n"&gt;Arrays&lt;/span&gt;&lt;span class="o"&gt;.&lt;/span&gt;&lt;span class="na"&gt;asList&lt;/span&gt;&lt;span class="o"&gt;(&lt;/span&gt;&lt;span class="k"&gt;new&lt;/span&gt; &lt;span class="n"&gt;Object&lt;/span&gt;&lt;span class="o"&gt;[][]&lt;/span&gt; &lt;span class="o"&gt;{&lt;/span&gt;
         &lt;span class="o"&gt;{&lt;/span&gt; &lt;span class="mi"&gt;2&lt;/span&gt;&lt;span class="o"&gt;,&lt;/span&gt; &lt;span class="kc"&gt;true&lt;/span&gt; &lt;span class="o"&gt;},&lt;/span&gt;
         &lt;span class="o"&gt;{&lt;/span&gt; &lt;span class="mi"&gt;6&lt;/span&gt;&lt;span class="o"&gt;,&lt;/span&gt; &lt;span class="kc"&gt;false&lt;/span&gt; &lt;span class="o"&gt;},&lt;/span&gt;
         &lt;span class="o"&gt;{&lt;/span&gt; &lt;span class="mi"&gt;19&lt;/span&gt;&lt;span class="o"&gt;,&lt;/span&gt; &lt;span class="kc"&gt;true&lt;/span&gt; &lt;span class="o"&gt;},&lt;/span&gt;
         &lt;span class="o"&gt;{&lt;/span&gt; &lt;span class="mi"&gt;22&lt;/span&gt;&lt;span class="o"&gt;,&lt;/span&gt; &lt;span class="kc"&gt;false&lt;/span&gt; &lt;span class="o"&gt;},&lt;/span&gt;
         &lt;span class="o"&gt;{&lt;/span&gt; &lt;span class="mi"&gt;23&lt;/span&gt;&lt;span class="o"&gt;,&lt;/span&gt; &lt;span class="kc"&gt;true&lt;/span&gt; &lt;span class="o"&gt;}&lt;/span&gt;
      &lt;span class="o"&gt;});&lt;/span&gt;
   &lt;span class="o"&gt;}&lt;/span&gt;
   &lt;span class="c1"&gt;// This test will run 4 times since we have 5 parameters defined&lt;/span&gt;
   &lt;span class="nd"&gt;@Test&lt;/span&gt;
   &lt;span class="kd"&gt;public&lt;/span&gt; &lt;span class="kt"&gt;void&lt;/span&gt; &lt;span class="nf"&gt;testPrimeNumberChecker&lt;/span&gt;&lt;span class="o"&gt;()&lt;/span&gt; &lt;span class="o"&gt;{&lt;/span&gt;
      &lt;span class="n"&gt;System&lt;/span&gt;&lt;span class="o"&gt;.&lt;/span&gt;&lt;span class="na"&gt;out&lt;/span&gt;&lt;span class="o"&gt;.&lt;/span&gt;&lt;span class="na"&gt;println&lt;/span&gt;&lt;span class="o"&gt;(&lt;/span&gt;&lt;span class="s"&gt;"Parameterized Number is : "&lt;/span&gt; &lt;span class="o"&gt;+&lt;/span&gt; &lt;span class="n"&gt;inputNumber&lt;/span&gt;&lt;span class="o"&gt;);&lt;/span&gt;
      &lt;span class="n"&gt;assertEquals&lt;/span&gt;&lt;span class="o"&gt;(&lt;/span&gt;&lt;span class="n"&gt;expectedResult&lt;/span&gt;&lt;span class="o"&gt;,&lt;/span&gt; &lt;span class="n"&gt;primeNumberChecker&lt;/span&gt;&lt;span class="o"&gt;.&lt;/span&gt;&lt;span class="na"&gt;validate&lt;/span&gt; &lt;span class="o"&gt;(&lt;/span&gt;&lt;span class="n"&gt;inputNumber&lt;/span&gt;&lt;span class="o"&gt;));&lt;/span&gt;
   &lt;span class="o"&gt;}&lt;/span&gt;
&lt;span class="o"&gt;}&lt;/span&gt;
&lt;/pre&gt;


&lt;h5 id="step-3-create-test-runner-class_2"&gt;Step 3: Create Test Runner Class&lt;/h5&gt;
&lt;p&gt;Same regular Test Runner class as examples above&lt;/p&gt;&lt;/div&gt;</description><category>Java</category><category>JUnit</category><category>Software Testing</category><guid>https://www.pengyin-shan.com/posts/2015/Java/junit-basics/</guid><pubDate>Fri, 24 Jul 2015 04:00:00 GMT</pubDate></item></channel></rss>